=====================================================================================================
%%%%%%%%%%     [3] Switching to new branch and building sources...


%%%%%%%%%%     [3.1] Switching to new branch and updating git submodules...
Determining working branch name...
branch name:   routine-344cae8c-1654516348
Switching to working branch...
> sudo -u mayadm git switch -c routine-344cae8c-1654516348
Zu neuem Branch 'routine-344cae8c-1654516348' gewechselt
Updating git submodules...
> timeout 240m sudo -u mayadm git submodule update --init --recursive
successfully updated git submodules
%%%%%%%%%%     [3.2] Creating project and building sources (incremental build)...
> timeout 60m sudo -u mayadm ./up-unix-create-project.sh
CMake is checking for CMAKE_SYSTEM_PROCESSOR containing arm to detect if running on Raspberry Pi:
CMAKE_SYSTEM_PROCESSOR is: x86_64
Running on Development or Test Platform.
Running on LINUX.
Running on UNIX.
-- C++ Requests CMake Options
-- =======================================================
--   CPR_GENERATE_COVERAGE: OFF
--   CPR_CURL_NOSIGNAL: OFF
--   CPR_USE_SYSTEM_GTEST: OFF
--   CPR_FORCE_USE_SYSTEM_CURL: OFF
--   CPR_ENABLE_SSL: ON
--   CPR_FORCE_OPENSSL_BACKEND: OFF
--   CPR_FORCE_WINSSL_BACKEND: OFF
--   CPR_FORCE_DARWINSSL_BACKEND: OFF
--   CPR_FORCE_MBEDTLS_BACKEND: OFF
--   CPR_ENABLE_LINTING: OFF
--   CPR_ENABLE_CPPCHECK: OFF
--   CPR_BUILD_TESTS: OFF
--   CPR_BUILD_TESTS_SSL: OFF
-- =======================================================
-- Automatically detecting SSL backend.
-- Detecting SSL backend...
-- SSL auto detect: Using OpenSSL.
-- Configuring build in curl...
-- Using CMake version 3.16.3
-- ZLIB_HEADER_VERSION: 1.2.11
-- ZLIBNG_HEADER_VERSION: 2.0.5
-- Arch detected: 'x86_64'
-- Basearch of 'x86_64' has been detected as: 'x86'
-- Architecture supports unaligned reads
-- Architecture supports unaligned reads of > 4 bytes
-- Architecture-specific source files: arch/x86/x86.c;arch/x86/slide_avx.c;arch/x86/chunkset_avx.c;arch/x86/compare258_avx.c;arch/x86/adler32_avx.c;arch/x86/insert_string_sse.c;arch/x86/compare258_sse.c;arch/x86/chunkset_sse.c;arch/x86/slide_sse.c;arch/x86/adler32_ssse3.c;arch/x86/crc_folding.c
-- The following features have been enabled:

 * CMAKE_BUILD_TYPE, Build type: Debug (selected)
 * WITH_GZFILEOP, Compile with support for gzFile related functions
 * ZLIB_COMPAT, Compile with zlib compatible API
 * WITH_OPTIM, Build with optimisation
 * WITH_NEW_STRATEGIES, Use new strategies
 * WITH_UNALIGNED, Support unaligned reads on platforms that support it
 * WITH_AVX2, Build with AVX2
 * WITH_SSE2, Build with SSE2
 * WITH_SSSE3, Build with SSSE3
 * WITH_SSE4, Build with SSE4
 * WITH_PCLMULQDQ, Build with PCLMULQDQ
 * AVX2_SLIDEHASH, Support AVX2 optimized slide_hash, using "-mavx2"
 * AVX_CHUNKSET, Support AVX optimized chunkset, using "-mavx2"
 * AVX2_COMPARE258, Support AVX2 optimized compare258, using "-mavx2"
 * AVX2_ADLER32, Support AVX2-accelerated adler32, using "-mavx2"
 * SSE42_CRC, Support SSE4.2 optimized CRC hash generation, using "-msse4"
 * SSE42_COMPARE258, Support SSE4.2 optimized compare258, using "-msse4"
 * SSSE3_ADLER32, Support SSSE3-accelerated adler32, using "-mssse3"
 * PCLMUL_CRC, Support CRC hash generation using PCLMULQDQ, using "-mssse3 -msse4 -mpclmul"

-- The following OPTIONAL packages have been found:

 * OpenSSL

-- The following features have been disabled:

 * ZLIB_ENABLE_TESTS, Build test binaries
 * ZLIB_DUAL_LINK, Dual link tests against system zlib
 * WITH_FUZZERS, Build test/fuzz
 * WITH_NATIVE_INSTRUCTIONS, Instruct the compiler to use the full instruction set on this host (gcc/clang -march=native)
 * WITH_MAINTAINER_WARNINGS, Build with project maintainer warnings
 * WITH_CODE_COVERAGE, Enable code coverage reporting
 * WITH_INFLATE_STRICT, Build with strict inflate distance checking
 * WITH_INFLATE_ALLOW_INVALID_DIST, Build with zero fill for inflate invalid distances
 * INSTALL_UTILS, Copy minigzip and minideflate during install

-- The following OPTIONAL packages have not been found:

 * PkgConfig

-- Enabled curl SSL
-- curl version=[7.80.0]
-- Could NOT find ZLIB (missing: ZLIB_LIBRARY ZLIB_INCLUDE_DIR) 
-- Could NOT find LibSSH2 (missing: LIBSSH2_LIBRARY LIBSSH2_INCLUDE_DIR) 
-- Enabled features: SSL IPv6 unixsockets AsynchDNS Largefile alt-svc HSTS NTLM HTTPS-proxy
-- Enabled protocols: HTTP HTTPS
-- Enabled SSL backends: OpenSSL
-- Configuring done
-- Generating done
-- Build files have been written to: /home/mayadm/repos/wired-watering/maya/build
> timeout 60m sudo -u mayadm ./ub-unix-build.sh
[ 16%] Built target zlib
Scanning dependencies of target libcurl
[ 17%] Building C object _deps/curl-build/lib/CMakeFiles/libcurl.dir/altsvc.c.o
[ 17%] Building C object _deps/curl-build/lib/CMakeFiles/libcurl.dir/amigaos.c.o
[ 18%] Building C object _deps/curl-build/lib/CMakeFiles/libcurl.dir/asyn-ares.c.o
[ 18%] Building C object _deps/curl-build/lib/CMakeFiles/libcurl.dir/asyn-thread.c.o
[ 19%] Building C object _deps/curl-build/lib/CMakeFiles/libcurl.dir/base64.c.o
[ 19%] Building C object _deps/curl-build/lib/CMakeFiles/libcurl.dir/bufref.c.o
[ 19%] Building C object _deps/curl-build/lib/CMakeFiles/libcurl.dir/c-hyper.c.o
[ 20%] Building C object _deps/curl-build/lib/CMakeFiles/libcurl.dir/conncache.c.o
[ 20%] Building C object _deps/curl-build/lib/CMakeFiles/libcurl.dir/connect.c.o
[ 21%] Building C object _deps/curl-build/lib/CMakeFiles/libcurl.dir/content_encoding.c.o
[ 21%] Building C object _deps/curl-build/lib/CMakeFiles/libcurl.dir/cookie.c.o
[ 22%] Building C object _deps/curl-build/lib/CMakeFiles/libcurl.dir/curl_addrinfo.c.o
[ 22%] Building C object _deps/curl-build/lib/CMakeFiles/libcurl.dir/curl_ctype.c.o
[ 23%] Building C object _deps/curl-build/lib/CMakeFiles/libcurl.dir/curl_des.c.o
[ 23%] Building C object _deps/curl-build/lib/CMakeFiles/libcurl.dir/curl_endian.c.o
[ 23%] Building C object _deps/curl-build/lib/CMakeFiles/libcurl.dir/curl_fnmatch.c.o
[ 24%] Building C object _deps/curl-build/lib/CMakeFiles/libcurl.dir/curl_get_line.c.o
[ 24%] Building C object _deps/curl-build/lib/CMakeFiles/libcurl.dir/curl_gethostname.c.o
[ 25%] Building C object _deps/curl-build/lib/CMakeFiles/libcurl.dir/curl_gssapi.c.o
[ 25%] Building C object _deps/curl-build/lib/CMakeFiles/libcurl.dir/curl_memrchr.c.o
[ 26%] Building C object _deps/curl-build/lib/CMakeFiles/libcurl.dir/curl_multibyte.c.o
[ 26%] Building C object _deps/curl-build/lib/CMakeFiles/libcurl.dir/curl_ntlm_core.c.o
[ 27%] Building C object _deps/curl-build/lib/CMakeFiles/libcurl.dir/curl_ntlm_wb.c.o
[ 27%] Building C object _deps/curl-build/lib/CMakeFiles/libcurl.dir/curl_path.c.o
[ 28%] Building C object _deps/curl-build/lib/CMakeFiles/libcurl.dir/curl_range.c.o
[ 28%] Building C object _deps/curl-build/lib/CMakeFiles/libcurl.dir/curl_rtmp.c.o
[ 28%] Building C object _deps/curl-build/lib/CMakeFiles/libcurl.dir/curl_sasl.c.o
[ 29%] Building C object _deps/curl-build/lib/CMakeFiles/libcurl.dir/curl_sspi.c.o
[ 29%] Building C object _deps/curl-build/lib/CMakeFiles/libcurl.dir/curl_threads.c.o
[ 30%] Building C object _deps/curl-build/lib/CMakeFiles/libcurl.dir/dict.c.o
[ 30%] Building C object _deps/curl-build/lib/CMakeFiles/libcurl.dir/doh.c.o
[ 31%] Building C object _deps/curl-build/lib/CMakeFiles/libcurl.dir/dotdot.c.o
[ 31%] Building C object _deps/curl-build/lib/CMakeFiles/libcurl.dir/dynbuf.c.o
[ 32%] Building C object _deps/curl-build/lib/CMakeFiles/libcurl.dir/easy.c.o
[ 32%] Building C object _deps/curl-build/lib/CMakeFiles/libcurl.dir/easygetopt.c.o
[ 32%] Building C object _deps/curl-build/lib/CMakeFiles/libcurl.dir/easyoptions.c.o
[ 33%] Building C object _deps/curl-build/lib/CMakeFiles/libcurl.dir/escape.c.o
[ 33%] Building C object _deps/curl-build/lib/CMakeFiles/libcurl.dir/file.c.o
[ 34%] Building C object _deps/curl-build/lib/CMakeFiles/libcurl.dir/fileinfo.c.o
[ 34%] Building C object _deps/curl-build/lib/CMakeFiles/libcurl.dir/formdata.c.o
[ 35%] Building C object _deps/curl-build/lib/CMakeFiles/libcurl.dir/ftp.c.o
[ 35%] Building C object _deps/curl-build/lib/CMakeFiles/libcurl.dir/ftplistparser.c.o
[ 36%] Building C object _deps/curl-build/lib/CMakeFiles/libcurl.dir/getenv.c.o
[ 36%] Building C object _deps/curl-build/lib/CMakeFiles/libcurl.dir/getinfo.c.o
[ 36%] Building C object _deps/curl-build/lib/CMakeFiles/libcurl.dir/gopher.c.o
[ 37%] Building C object _deps/curl-build/lib/CMakeFiles/libcurl.dir/hash.c.o
[ 37%] Building C object _deps/curl-build/lib/CMakeFiles/libcurl.dir/hmac.c.o
[ 38%] Building C object _deps/curl-build/lib/CMakeFiles/libcurl.dir/hostasyn.c.o
[ 38%] Building C object _deps/curl-build/lib/CMakeFiles/libcurl.dir/hostcheck.c.o
[ 39%] Building C object _deps/curl-build/lib/CMakeFiles/libcurl.dir/hostip.c.o
[ 39%] Building C object _deps/curl-build/lib/CMakeFiles/libcurl.dir/hostip4.c.o
[ 40%] Building C object _deps/curl-build/lib/CMakeFiles/libcurl.dir/hostip6.c.o
[ 40%] Building C object _deps/curl-build/lib/CMakeFiles/libcurl.dir/hostsyn.c.o
[ 41%] Building C object _deps/curl-build/lib/CMakeFiles/libcurl.dir/hsts.c.o
[ 41%] Building C object _deps/curl-build/lib/CMakeFiles/libcurl.dir/http.c.o
[ 41%] Building C object _deps/curl-build/lib/CMakeFiles/libcurl.dir/http2.c.o
[ 42%] Building C object _deps/curl-build/lib/CMakeFiles/libcurl.dir/http_chunks.c.o
[ 42%] Building C object _deps/curl-build/lib/CMakeFiles/libcurl.dir/http_digest.c.o
[ 43%] Building C object _deps/curl-build/lib/CMakeFiles/libcurl.dir/http_negotiate.c.o
[ 43%] Building C object _deps/curl-build/lib/CMakeFiles/libcurl.dir/http_ntlm.c.o
[ 44%] Building C object _deps/curl-build/lib/CMakeFiles/libcurl.dir/http_proxy.c.o
[ 44%] Building C object _deps/curl-build/lib/CMakeFiles/libcurl.dir/http_aws_sigv4.c.o
[ 45%] Building C object _deps/curl-build/lib/CMakeFiles/libcurl.dir/idn_win32.c.o
[ 45%] Building C object _deps/curl-build/lib/CMakeFiles/libcurl.dir/if2ip.c.o
[ 45%] Building C object _deps/curl-build/lib/CMakeFiles/libcurl.dir/imap.c.o
[ 46%] Building C object _deps/curl-build/lib/CMakeFiles/libcurl.dir/inet_ntop.c.o
[ 46%] Building C object _deps/curl-build/lib/CMakeFiles/libcurl.dir/inet_pton.c.o
[ 47%] Building C object _deps/curl-build/lib/CMakeFiles/libcurl.dir/krb5.c.o
[ 47%] Building C object _deps/curl-build/lib/CMakeFiles/libcurl.dir/ldap.c.o
[ 48%] Building C object _deps/curl-build/lib/CMakeFiles/libcurl.dir/llist.c.o
[ 48%] Building C object _deps/curl-build/lib/CMakeFiles/libcurl.dir/md4.c.o
[ 49%] Building C object _deps/curl-build/lib/CMakeFiles/libcurl.dir/md5.c.o
[ 49%] Building C object _deps/curl-build/lib/CMakeFiles/libcurl.dir/memdebug.c.o
[ 49%] Building C object _deps/curl-build/lib/CMakeFiles/libcurl.dir/mime.c.o
[ 50%] Building C object _deps/curl-build/lib/CMakeFiles/libcurl.dir/mprintf.c.o
[ 50%] Building C object _deps/curl-build/lib/CMakeFiles/libcurl.dir/mqtt.c.o
[ 51%] Building C object _deps/curl-build/lib/CMakeFiles/libcurl.dir/multi.c.o
[ 51%] Building C object _deps/curl-build/lib/CMakeFiles/libcurl.dir/netrc.c.o
[ 52%] Building C object _deps/curl-build/lib/CMakeFiles/libcurl.dir/non-ascii.c.o
[ 52%] Building C object _deps/curl-build/lib/CMakeFiles/libcurl.dir/nonblock.c.o
[ 53%] Building C object _deps/curl-build/lib/CMakeFiles/libcurl.dir/openldap.c.o
[ 53%] Building C object _deps/curl-build/lib/CMakeFiles/libcurl.dir/parsedate.c.o
[ 54%] Building C object _deps/curl-build/lib/CMakeFiles/libcurl.dir/pingpong.c.o
[ 54%] Building C object _deps/curl-build/lib/CMakeFiles/libcurl.dir/pop3.c.o
[ 54%] Building C object _deps/curl-build/lib/CMakeFiles/libcurl.dir/progress.c.o
[ 55%] Building C object _deps/curl-build/lib/CMakeFiles/libcurl.dir/psl.c.o
[ 55%] Building C object _deps/curl-build/lib/CMakeFiles/libcurl.dir/rand.c.o
[ 56%] Building C object _deps/curl-build/lib/CMakeFiles/libcurl.dir/rename.c.o
[ 56%] Building C object _deps/curl-build/lib/CMakeFiles/libcurl.dir/rtsp.c.o
[ 57%] Building C object _deps/curl-build/lib/CMakeFiles/libcurl.dir/select.c.o
[ 57%] Building C object _deps/curl-build/lib/CMakeFiles/libcurl.dir/sendf.c.o
[ 58%] Building C object _deps/curl-build/lib/CMakeFiles/libcurl.dir/setopt.c.o
[ 58%] Building C object _deps/curl-build/lib/CMakeFiles/libcurl.dir/sha256.c.o
[ 58%] Building C object _deps/curl-build/lib/CMakeFiles/libcurl.dir/share.c.o
[ 59%] Building C object _deps/curl-build/lib/CMakeFiles/libcurl.dir/slist.c.o
[ 59%] Building C object _deps/curl-build/lib/CMakeFiles/libcurl.dir/smb.c.o
[ 60%] Building C object _deps/curl-build/lib/CMakeFiles/libcurl.dir/smtp.c.o
[ 60%] Building C object _deps/curl-build/lib/CMakeFiles/libcurl.dir/socketpair.c.o
[ 61%] Building C object _deps/curl-build/lib/CMakeFiles/libcurl.dir/socks.c.o
[ 61%] Building C object _deps/curl-build/lib/CMakeFiles/libcurl.dir/socks_gssapi.c.o
[ 62%] Building C object _deps/curl-build/lib/CMakeFiles/libcurl.dir/socks_sspi.c.o
[ 62%] Building C object _deps/curl-build/lib/CMakeFiles/libcurl.dir/speedcheck.c.o
[ 62%] Building C object _deps/curl-build/lib/CMakeFiles/libcurl.dir/splay.c.o
[ 63%] Building C object _deps/curl-build/lib/CMakeFiles/libcurl.dir/strcase.c.o
[ 63%] Building C object _deps/curl-build/lib/CMakeFiles/libcurl.dir/strdup.c.o
[ 64%] Building C object _deps/curl-build/lib/CMakeFiles/libcurl.dir/strerror.c.o
[ 64%] Building C object _deps/curl-build/lib/CMakeFiles/libcurl.dir/strtok.c.o
[ 65%] Building C object _deps/curl-build/lib/CMakeFiles/libcurl.dir/strtoofft.c.o
[ 65%] Building C object _deps/curl-build/lib/CMakeFiles/libcurl.dir/system_win32.c.o
[ 66%] Building C object _deps/curl-build/lib/CMakeFiles/libcurl.dir/telnet.c.o
[ 66%] Building C object _deps/curl-build/lib/CMakeFiles/libcurl.dir/tftp.c.o
[ 67%] Building C object _deps/curl-build/lib/CMakeFiles/libcurl.dir/timeval.c.o
[ 67%] Building C object _deps/curl-build/lib/CMakeFiles/libcurl.dir/transfer.c.o
[ 67%] Building C object _deps/curl-build/lib/CMakeFiles/libcurl.dir/url.c.o
[ 68%] Building C object _deps/curl-build/lib/CMakeFiles/libcurl.dir/urlapi.c.o
[ 68%] Building C object _deps/curl-build/lib/CMakeFiles/libcurl.dir/version.c.o
[ 69%] Building C object _deps/curl-build/lib/CMakeFiles/libcurl.dir/version_win32.c.o
[ 69%] Building C object _deps/curl-build/lib/CMakeFiles/libcurl.dir/warnless.c.o
[ 70%] Building C object _deps/curl-build/lib/CMakeFiles/libcurl.dir/wildcard.c.o
[ 70%] Building C object _deps/curl-build/lib/CMakeFiles/libcurl.dir/x509asn1.c.o
[ 71%] Building C object _deps/curl-build/lib/CMakeFiles/libcurl.dir/vauth/cleartext.c.o
[ 71%] Building C object _deps/curl-build/lib/CMakeFiles/libcurl.dir/vauth/cram.c.o
[ 71%] Building C object _deps/curl-build/lib/CMakeFiles/libcurl.dir/vauth/digest.c.o
[ 72%] Building C object _deps/curl-build/lib/CMakeFiles/libcurl.dir/vauth/digest_sspi.c.o
[ 72%] Building C object _deps/curl-build/lib/CMakeFiles/libcurl.dir/vauth/gsasl.c.o
[ 73%] Building C object _deps/curl-build/lib/CMakeFiles/libcurl.dir/vauth/krb5_gssapi.c.o
[ 73%] Building C object _deps/curl-build/lib/CMakeFiles/libcurl.dir/vauth/krb5_sspi.c.o
[ 74%] Building C object _deps/curl-build/lib/CMakeFiles/libcurl.dir/vauth/ntlm.c.o
[ 74%] Building C object _deps/curl-build/lib/CMakeFiles/libcurl.dir/vauth/ntlm_sspi.c.o
[ 75%] Building C object _deps/curl-build/lib/CMakeFiles/libcurl.dir/vauth/oauth2.c.o
[ 75%] Building C object _deps/curl-build/lib/CMakeFiles/libcurl.dir/vauth/spnego_gssapi.c.o
[ 75%] Building C object _deps/curl-build/lib/CMakeFiles/libcurl.dir/vauth/spnego_sspi.c.o
[ 76%] Building C object _deps/curl-build/lib/CMakeFiles/libcurl.dir/vauth/vauth.c.o
[ 76%] Building C object _deps/curl-build/lib/CMakeFiles/libcurl.dir/vtls/bearssl.c.o
[ 77%] Building C object _deps/curl-build/lib/CMakeFiles/libcurl.dir/vtls/gskit.c.o
[ 77%] Building C object _deps/curl-build/lib/CMakeFiles/libcurl.dir/vtls/gtls.c.o
[ 78%] Building C object _deps/curl-build/lib/CMakeFiles/libcurl.dir/vtls/keylog.c.o
[ 78%] Building C object _deps/curl-build/lib/CMakeFiles/libcurl.dir/vtls/mbedtls.c.o
[ 79%] Building C object _deps/curl-build/lib/CMakeFiles/libcurl.dir/vtls/mbedtls_threadlock.c.o
[ 79%] Building C object _deps/curl-build/lib/CMakeFiles/libcurl.dir/vtls/mesalink.c.o
[ 80%] Building C object _deps/curl-build/lib/CMakeFiles/libcurl.dir/vtls/nss.c.o
[ 80%] Building C object _deps/curl-build/lib/CMakeFiles/libcurl.dir/vtls/openssl.c.o
[ 80%] Building C object _deps/curl-build/lib/CMakeFiles/libcurl.dir/vtls/rustls.c.o
[ 81%] Building C object _deps/curl-build/lib/CMakeFiles/libcurl.dir/vtls/schannel.c.o
[ 81%] Building C object _deps/curl-build/lib/CMakeFiles/libcurl.dir/vtls/schannel_verify.c.o
[ 82%] Building C object _deps/curl-build/lib/CMakeFiles/libcurl.dir/vtls/sectransp.c.o
[ 82%] Building C object _deps/curl-build/lib/CMakeFiles/libcurl.dir/vtls/vtls.c.o
[ 83%] Building C object _deps/curl-build/lib/CMakeFiles/libcurl.dir/vtls/wolfssl.c.o
[ 83%] Building C object _deps/curl-build/lib/CMakeFiles/libcurl.dir/vquic/ngtcp2.c.o
[ 84%] Building C object _deps/curl-build/lib/CMakeFiles/libcurl.dir/vquic/quiche.c.o
[ 84%] Building C object _deps/curl-build/lib/CMakeFiles/libcurl.dir/vquic/vquic.c.o
[ 84%] Building C object _deps/curl-build/lib/CMakeFiles/libcurl.dir/vssh/libssh.c.o
[ 85%] Building C object _deps/curl-build/lib/CMakeFiles/libcurl.dir/vssh/libssh2.c.o
[ 85%] Building C object _deps/curl-build/lib/CMakeFiles/libcurl.dir/vssh/wolfssh.c.o
[ 86%] Linking C shared library libcurl-d.so
[ 86%] Built target libcurl
[ 87%] Linking CXX shared library libcpr.so
[ 95%] Built target cpr
[ 95%] Built target gtest
[ 96%] Built target gmock
[ 97%] Built target gmock_main
[ 98%] Built target gtest_main
Scanning dependencies of target Maya-Commander_lib
[ 99%] Building CXX object src/CMakeFiles/Maya-Commander_lib.dir/main.cpp.o
/home/mayadm/repos/wired-watering/maya/src/main.cpp:217:23: error: expected ‘;’ at end of member declaration
  217 |  std::chrono::seconds time_to_finish
      |                       ^~~~~~~~~~~~~~
      |                                     ;
/home/mayadm/repos/wired-watering/maya/src/main.cpp:224:2: error: ‘interrupted_water_specification’ does not name a type; did you mean ‘interrupted_watering_specification’?
  224 |  interrupted_water_specification i;
      |  ^~~~~~~~~~~~~~~~~~~~~~~~~~~~~~~
      |  interrupted_watering_specification
make[2]: *** [src/CMakeFiles/Maya-Commander_lib.dir/build.make:63: src/CMakeFiles/Maya-Commander_lib.dir/main.cpp.o] Fehler 1
make[1]: *** [CMakeFiles/Makefile2:519: src/CMakeFiles/Maya-Commander_lib.dir/all] Fehler 2
make: *** [Makefile:141: all] Fehler 2
%%%%%%%%%%     [3.3] Creating project and building sources (clean build)...
> timeout 60m sudo -u mayadm ./uc-unix-clean.sh
> timeout 60m sudo -u mayadm ./up-unix-create-project.sh
-- The C compiler identification is GNU 9.4.0
-- The CXX compiler identification is GNU 9.4.0
-- Check for working C compiler: /usr/bin/cc
-- Check for working C compiler: /usr/bin/cc -- works
-- Detecting C compiler ABI info
-- Detecting C compiler ABI info - done
-- Detecting C compile features
-- Detecting C compile features - done
-- Check for working CXX compiler: /usr/bin/c++
-- Check for working CXX compiler: /usr/bin/c++ -- works
-- Detecting CXX compiler ABI info
-- Detecting CXX compiler ABI info - done
-- Detecting CXX compile features
-- Detecting CXX compile features - done
CMake is checking for CMAKE_SYSTEM_PROCESSOR containing arm to detect if running on Raspberry Pi:
CMAKE_SYSTEM_PROCESSOR is: x86_64
Running on Development or Test Platform.
Running on LINUX.
Running on UNIX.
-- C++ Requests CMake Options
-- =======================================================
--   CPR_GENERATE_COVERAGE: OFF
--   CPR_CURL_NOSIGNAL: OFF
--   CPR_USE_SYSTEM_GTEST: OFF
--   CPR_FORCE_USE_SYSTEM_CURL: OFF
--   CPR_ENABLE_SSL: ON
--   CPR_FORCE_OPENSSL_BACKEND: OFF
--   CPR_FORCE_WINSSL_BACKEND: OFF
--   CPR_FORCE_DARWINSSL_BACKEND: OFF
--   CPR_FORCE_MBEDTLS_BACKEND: OFF
--   CPR_ENABLE_LINTING: OFF
--   CPR_ENABLE_CPPCHECK: OFF
--   CPR_BUILD_TESTS: OFF
--   CPR_BUILD_TESTS_SSL: OFF
-- =======================================================
-- Performing Test THREAD_SANITIZER_AVAILABLE
-- Performing Test THREAD_SANITIZER_AVAILABLE - Success
-- Performing Test ADDRESS_SANITIZER_AVAILABLE
-- Performing Test ADDRESS_SANITIZER_AVAILABLE - Success
-- Performing Test LEAK_SANITIZER_AVAILABLE
-- Performing Test LEAK_SANITIZER_AVAILABLE - Success
-- Performing Test UNDEFINED_BEHAVIOUR_SANITIZER_AVAILABLE
-- Performing Test UNDEFINED_BEHAVIOUR_SANITIZER_AVAILABLE - Success
-- Performing Test ALL_SANITIZERS_AVAILABLE
-- Performing Test ALL_SANITIZERS_AVAILABLE - Success
-- Automatically detecting SSL backend.
-- Detecting SSL backend...
-- Found OpenSSL: /usr/lib/x86_64-linux-gnu/libcrypto.so (found version "1.1.1f")  
-- SSL auto detect: Using OpenSSL.
-- Configuring build in curl...
-- Using CMake version 3.16.3
-- ZLIB_HEADER_VERSION: 1.2.11
-- ZLIBNG_HEADER_VERSION: 2.0.5
-- Arch detected: 'x86_64'
-- Basearch of 'x86_64' has been detected as: 'x86'
-- Performing Test FNO_LTO_AVAILABLE
-- Performing Test FNO_LTO_AVAILABLE - Success
-- Architecture supports unaligned reads
-- Architecture supports unaligned reads of > 4 bytes
-- Looking for sys/sdt.h
-- Looking for sys/sdt.h - not found
-- Looking for unistd.h
-- Looking for unistd.h - found
-- Looking for sys/types.h
-- Looking for sys/types.h - found
-- Looking for stdint.h
-- Looking for stdint.h - found
-- Looking for stddef.h
-- Looking for stddef.h - found
-- Check size of off64_t
-- Check size of off64_t - done
-- Looking for fseeko
-- Looking for fseeko - found
-- Looking for strerror
-- Looking for strerror - found
-- Performing Test HAVE_NO_INTERPOSITION
-- Performing Test HAVE_NO_INTERPOSITION - Success
-- Performing Test HAVE_ATTRIBUTE_VISIBILITY_HIDDEN
-- Performing Test HAVE_ATTRIBUTE_VISIBILITY_HIDDEN - Success
-- Performing Test HAVE_ATTRIBUTE_VISIBILITY_INTERNAL
-- Performing Test HAVE_ATTRIBUTE_VISIBILITY_INTERNAL - Success
-- Performing Test HAVE_BUILTIN_CTZ
-- Performing Test HAVE_BUILTIN_CTZ - Success
-- Performing Test HAVE_BUILTIN_CTZLL
-- Performing Test HAVE_BUILTIN_CTZLL - Success
-- Performing Test HAVE_PTRDIFF_T
-- Performing Test HAVE_PTRDIFF_T - Success
-- Performing Test HAVE_SSE2_INTRIN
-- Performing Test HAVE_SSE2_INTRIN - Success
-- Performing Test HAVE_SSSE3_INTRIN
-- Performing Test HAVE_SSSE3_INTRIN - Success
-- Performing Test HAVE_SSE42CRC_INLINE_ASM
-- Performing Test HAVE_SSE42CRC_INLINE_ASM - Success
-- Performing Test HAVE_SSE42CRC_INTRIN
-- Performing Test HAVE_SSE42CRC_INTRIN - Success
-- Performing Test HAVE_SSE42CMPSTR_INTRIN
-- Performing Test HAVE_SSE42CMPSTR_INTRIN - Success
-- Performing Test HAVE_PCLMULQDQ_INTRIN
-- Performing Test HAVE_PCLMULQDQ_INTRIN - Success
-- Performing Test HAVE_AVX2_INTRIN
-- Performing Test HAVE_AVX2_INTRIN - Success
-- Architecture-specific source files: arch/x86/x86.c;arch/x86/slide_avx.c;arch/x86/chunkset_avx.c;arch/x86/compare258_avx.c;arch/x86/adler32_avx.c;arch/x86/insert_string_sse.c;arch/x86/compare258_sse.c;arch/x86/chunkset_sse.c;arch/x86/slide_sse.c;arch/x86/adler32_ssse3.c;arch/x86/crc_folding.c
-- The following features have been enabled:

 * CMAKE_BUILD_TYPE, Build type: Debug (selected)
 * WITH_GZFILEOP, Compile with support for gzFile related functions
 * ZLIB_COMPAT, Compile with zlib compatible API
 * WITH_OPTIM, Build with optimisation
 * WITH_NEW_STRATEGIES, Use new strategies
 * WITH_UNALIGNED, Support unaligned reads on platforms that support it
 * WITH_AVX2, Build with AVX2
 * WITH_SSE2, Build with SSE2
 * WITH_SSSE3, Build with SSSE3
 * WITH_SSE4, Build with SSE4
 * WITH_PCLMULQDQ, Build with PCLMULQDQ
 * AVX2_SLIDEHASH, Support AVX2 optimized slide_hash, using "-mavx2"
 * AVX_CHUNKSET, Support AVX optimized chunkset, using "-mavx2"
 * AVX2_COMPARE258, Support AVX2 optimized compare258, using "-mavx2"
 * AVX2_ADLER32, Support AVX2-accelerated adler32, using "-mavx2"
 * SSE42_CRC, Support SSE4.2 optimized CRC hash generation, using "-msse4"
 * SSE42_COMPARE258, Support SSE4.2 optimized compare258, using "-msse4"
 * SSSE3_ADLER32, Support SSSE3-accelerated adler32, using "-mssse3"
 * PCLMUL_CRC, Support CRC hash generation using PCLMULQDQ, using "-mssse3 -msse4 -mpclmul"

-- The following OPTIONAL packages have been found:

 * OpenSSL

-- The following features have been disabled:

 * ZLIB_ENABLE_TESTS, Build test binaries
 * ZLIB_DUAL_LINK, Dual link tests against system zlib
 * WITH_FUZZERS, Build test/fuzz
 * WITH_NATIVE_INSTRUCTIONS, Instruct the compiler to use the full instruction set on this host (gcc/clang -march=native)
 * WITH_MAINTAINER_WARNINGS, Build with project maintainer warnings
 * WITH_CODE_COVERAGE, Enable code coverage reporting
 * WITH_INFLATE_STRICT, Build with strict inflate distance checking
 * WITH_INFLATE_ALLOW_INVALID_DIST, Build with zero fill for inflate invalid distances
 * INSTALL_UTILS, Copy minigzip and minideflate during install

-- The following OPTIONAL packages have not been found:

 * PkgConfig

-- Enabled curl SSL
-- curl version=[7.80.0]
-- Performing Test OPT_pedantic
-- Performing Test OPT_pedantic - Success
-- Performing Test OPT_Wall
-- Performing Test OPT_Wall - Success
-- Performing Test OPT_W
-- Performing Test OPT_W - Success
-- Performing Test OPT_Wpointer_arith
-- Performing Test OPT_Wpointer_arith - Success
-- Performing Test OPT_Wwrite_strings
-- Performing Test OPT_Wwrite_strings - Success
-- Performing Test OPT_Wunused
-- Performing Test OPT_Wunused - Success
-- Performing Test OPT_Wshadow
-- Performing Test OPT_Wshadow - Success
-- Performing Test OPT_Winline
-- Performing Test OPT_Winline - Success
-- Performing Test OPT_Wnested_externs
-- Performing Test OPT_Wnested_externs - Success
-- Performing Test OPT_Wmissing_declarations
-- Performing Test OPT_Wmissing_declarations - Success
-- Performing Test OPT_Wmissing_prototypes
-- Performing Test OPT_Wmissing_prototypes - Success
-- Performing Test OPT_Wfloat_equal
-- Performing Test OPT_Wfloat_equal - Success
-- Performing Test OPT_Wsign_compare
-- Performing Test OPT_Wsign_compare - Success
-- Performing Test OPT_Wundef
-- Performing Test OPT_Wundef - Success
-- Performing Test OPT_Wendif_labels
-- Performing Test OPT_Wendif_labels - Success
-- Performing Test OPT_Wstrict_prototypes
-- Performing Test OPT_Wstrict_prototypes - Success
-- Performing Test OPT_Wdeclaration_after_statement
-- Performing Test OPT_Wdeclaration_after_statement - Success
-- Performing Test OPT_Wstrict_aliasing_3
-- Performing Test OPT_Wstrict_aliasing_3 - Success
-- Performing Test OPT_Wcast_align
-- Performing Test OPT_Wcast_align - Success
-- Performing Test OPT_Wtype_limits
-- Performing Test OPT_Wtype_limits - Success
-- Performing Test OPT_Wold_style_declaration
-- Performing Test OPT_Wold_style_declaration - Success
-- Performing Test OPT_Wmissing_parameter_type
-- Performing Test OPT_Wmissing_parameter_type - Success
-- Performing Test OPT_Wempty_body
-- Performing Test OPT_Wempty_body - Success
-- Performing Test OPT_Wclobbered
-- Performing Test OPT_Wclobbered - Success
-- Performing Test OPT_Wignored_qualifiers
-- Performing Test OPT_Wignored_qualifiers - Success
-- Performing Test OPT_Wconversion
-- Performing Test OPT_Wconversion - Success
-- Performing Test OPT_Wvla
-- Performing Test OPT_Wvla - Success
-- Performing Test OPT_Wdouble_promotion
-- Performing Test OPT_Wdouble_promotion - Success
-- Performing Test OPTlong_long
-- Performing Test OPTlong_long - Success
-- Performing Test OPTmultichar
-- Performing Test OPTmultichar - Success
-- Performing Test OPTformat_nonliteral
-- Performing Test OPTformat_nonliteral - Success
-- Performing Test OPTsign_conversion
-- Performing Test OPTsign_conversion - Success
-- Performing Test OPTsystem_headers
-- Performing Test OPTsystem_headers - Success
-- Performing Test OPTpedantic_ms_format
-- Performing Test OPTpedantic_ms_format - Failed
-- Performing Test HAVE_SOCKADDR_IN6_SIN6_ADDR
-- Performing Test HAVE_SOCKADDR_IN6_SIN6_ADDR - Success
-- Performing Test HAVE_SOCKADDR_IN6_SIN6_SCOPE_ID
-- Performing Test HAVE_SOCKADDR_IN6_SIN6_SCOPE_ID - Success
-- Found Perl: /usr/bin/perl (found version "5.30.0") 
-- Looking for pthread.h
-- Looking for pthread.h - found
-- Performing Test CMAKE_HAVE_LIBC_PTHREAD
-- Performing Test CMAKE_HAVE_LIBC_PTHREAD - Failed
-- Looking for pthread_create in pthreads
-- Looking for pthread_create in pthreads - not found
-- Looking for pthread_create in pthread
-- Looking for pthread_create in pthread - found
-- Found Threads: TRUE  
-- Looking for dlopen in dl;-lpthread
-- Looking for dlopen in dl;-lpthread - found
-- Looking for connect in socket;dl;-lpthread
-- Looking for connect in socket;dl;-lpthread - not found
-- Looking for gethostbyname in c
-- Looking for gethostbyname in c - found
-- Looking for gethostname
-- Looking for gethostname - found
-- Looking for openssl/crypto.h
-- Looking for openssl/crypto.h - found
-- Looking for openssl/err.h
-- Looking for openssl/err.h - found
-- Looking for openssl/pem.h
-- Looking for openssl/pem.h - found
-- Looking for openssl/rsa.h
-- Looking for openssl/rsa.h - found
-- Looking for openssl/ssl.h
-- Looking for openssl/ssl.h - found
-- Looking for openssl/x509.h
-- Looking for openssl/x509.h - found
-- Looking for openssl/rand.h
-- Looking for openssl/rand.h - found
-- Looking for RAND_status
-- Looking for RAND_status - not found
-- Looking for RAND_screen
-- Looking for RAND_screen - not found
-- Looking for RAND_egd
-- Looking for RAND_egd - not found
-- Looking for dlopen in dl;-lpthread;OpenSSL::SSL;OpenSSL::Crypto
-- Looking for dlopen in dl;-lpthread;OpenSSL::SSL;OpenSSL::Crypto - found
-- Could NOT find ZLIB (missing: ZLIB_LIBRARY ZLIB_INCLUDE_DIR) 
-- Could NOT find LibSSH2 (missing: LIBSSH2_LIBRARY LIBSSH2_INCLUDE_DIR) 
-- Performing Test USE_UNIX_SOCKETS
-- Performing Test USE_UNIX_SOCKETS - Success
-- Found CA bundle: /etc/ssl/certs/ca-certificates.crt
-- Looking for include file stdio.h
-- Looking for include file stdio.h - found
-- Looking for include files stdio.h, inttypes.h
-- Looking for include files stdio.h, inttypes.h - found
-- Looking for 3 include files stdio.h, ..., sys/filio.h
-- Looking for 3 include files stdio.h, ..., sys/filio.h - not found
-- Looking for 3 include files stdio.h, ..., sys/ioctl.h
-- Looking for 3 include files stdio.h, ..., sys/ioctl.h - found
-- Looking for 4 include files stdio.h, ..., sys/param.h
-- Looking for 4 include files stdio.h, ..., sys/param.h - found
-- Looking for 5 include files stdio.h, ..., sys/poll.h
-- Looking for 5 include files stdio.h, ..., sys/poll.h - found
-- Looking for 6 include files stdio.h, ..., sys/resource.h
-- Looking for 6 include files stdio.h, ..., sys/resource.h - found
-- Looking for 7 include files stdio.h, ..., sys/select.h
-- Looking for 7 include files stdio.h, ..., sys/select.h - found
-- Looking for 8 include files stdio.h, ..., sys/socket.h
-- Looking for 8 include files stdio.h, ..., sys/socket.h - found
-- Looking for 9 include files stdio.h, ..., sys/sockio.h
-- Looking for 9 include files stdio.h, ..., sys/sockio.h - not found
-- Looking for 9 include files stdio.h, ..., sys/stat.h
-- Looking for 9 include files stdio.h, ..., sys/stat.h - found
-- Looking for 10 include files stdio.h, ..., sys/time.h
-- Looking for 10 include files stdio.h, ..., sys/time.h - found
-- Looking for 12 include files stdio.h, ..., sys/uio.h
-- Looking for 12 include files stdio.h, ..., sys/uio.h - found
-- Looking for 13 include files stdio.h, ..., sys/un.h
-- Looking for 13 include files stdio.h, ..., sys/un.h - found
-- Looking for 14 include files stdio.h, ..., sys/utime.h
-- Looking for 14 include files stdio.h, ..., sys/utime.h - not found
-- Looking for 14 include files stdio.h, ..., sys/xattr.h
-- Looking for 14 include files stdio.h, ..., sys/xattr.h - found
-- Looking for 15 include files stdio.h, ..., alloca.h
-- Looking for 15 include files stdio.h, ..., alloca.h - found
-- Looking for 16 include files stdio.h, ..., arpa/inet.h
-- Looking for 16 include files stdio.h, ..., arpa/inet.h - found
-- Looking for 17 include files stdio.h, ..., arpa/tftp.h
-- Looking for 17 include files stdio.h, ..., arpa/tftp.h - found
-- Looking for 18 include files stdio.h, ..., assert.h
-- Looking for 18 include files stdio.h, ..., assert.h - found
-- Looking for 19 include files stdio.h, ..., errno.h
-- Looking for 19 include files stdio.h, ..., errno.h - found
-- Looking for 20 include files stdio.h, ..., fcntl.h
-- Looking for 20 include files stdio.h, ..., fcntl.h - found
-- Looking for 21 include files stdio.h, ..., idn2.h
-- Looking for 21 include files stdio.h, ..., idn2.h - not found
-- Looking for 21 include files stdio.h, ..., ifaddrs.h
-- Looking for 21 include files stdio.h, ..., ifaddrs.h - found
-- Looking for 22 include files stdio.h, ..., io.h
-- Looking for 22 include files stdio.h, ..., io.h - not found
-- Looking for 22 include files stdio.h, ..., krb.h
-- Looking for 22 include files stdio.h, ..., krb.h - not found
-- Looking for 22 include files stdio.h, ..., libgen.h
-- Looking for 22 include files stdio.h, ..., libgen.h - found
-- Looking for 23 include files stdio.h, ..., locale.h
-- Looking for 23 include files stdio.h, ..., locale.h - found
-- Looking for 24 include files stdio.h, ..., net/if.h
-- Looking for 24 include files stdio.h, ..., net/if.h - found
-- Looking for 25 include files stdio.h, ..., netdb.h
-- Looking for 25 include files stdio.h, ..., netdb.h - found
-- Looking for 26 include files stdio.h, ..., netinet/in.h
-- Looking for 26 include files stdio.h, ..., netinet/in.h - found
-- Looking for 27 include files stdio.h, ..., netinet/tcp.h
-- Looking for 27 include files stdio.h, ..., netinet/tcp.h - found
-- Looking for linux/tcp.h
-- Looking for linux/tcp.h - found
-- Looking for 28 include files stdio.h, ..., pem.h
-- Looking for 28 include files stdio.h, ..., pem.h - not found
-- Looking for 28 include files stdio.h, ..., poll.h
-- Looking for 28 include files stdio.h, ..., poll.h - found
-- Looking for 29 include files stdio.h, ..., pwd.h
-- Looking for 29 include files stdio.h, ..., pwd.h - found
-- Looking for 30 include files stdio.h, ..., setjmp.h
-- Looking for 30 include files stdio.h, ..., setjmp.h - found
-- Looking for 31 include files stdio.h, ..., signal.h
-- Looking for 31 include files stdio.h, ..., signal.h - found
-- Looking for 32 include files stdio.h, ..., ssl.h
-- Looking for 32 include files stdio.h, ..., ssl.h - not found
-- Looking for 32 include files stdio.h, ..., stdbool.h
-- Looking for 32 include files stdio.h, ..., stdbool.h - found
-- Looking for 35 include files stdio.h, ..., stdlib.h
-- Looking for 35 include files stdio.h, ..., stdlib.h - found
-- Looking for 36 include files stdio.h, ..., string.h
-- Looking for 36 include files stdio.h, ..., string.h - found
-- Looking for 37 include files stdio.h, ..., strings.h
-- Looking for 37 include files stdio.h, ..., strings.h - found
-- Looking for 38 include files stdio.h, ..., stropts.h
-- Looking for 38 include files stdio.h, ..., stropts.h - not found
-- Looking for 38 include files stdio.h, ..., termio.h
-- Looking for 38 include files stdio.h, ..., termio.h - found
-- Looking for 39 include files stdio.h, ..., termios.h
-- Looking for 39 include files stdio.h, ..., termios.h - found
-- Looking for 40 include files stdio.h, ..., time.h
-- Looking for 40 include files stdio.h, ..., time.h - found
-- Looking for 42 include files stdio.h, ..., utime.h
-- Looking for 42 include files stdio.h, ..., utime.h - found
-- Looking for 43 include files stdio.h, ..., x509.h
-- Looking for 43 include files stdio.h, ..., x509.h - not found
-- Looking for 43 include files stdio.h, ..., process.h
-- Looking for 43 include files stdio.h, ..., process.h - not found
-- Looking for 44 include files stdio.h, ..., dlfcn.h
-- Looking for 44 include files stdio.h, ..., dlfcn.h - found
-- Looking for 45 include files stdio.h, ..., malloc.h
-- Looking for 45 include files stdio.h, ..., malloc.h - found
-- Looking for 46 include files stdio.h, ..., memory.h
-- Looking for 46 include files stdio.h, ..., memory.h - found
-- Looking for 47 include files stdio.h, ..., netinet/if_ether.h
-- Looking for 47 include files stdio.h, ..., netinet/if_ether.h - found
-- Looking for 49 include files stdio.h, ..., sockio.h
-- Looking for 49 include files stdio.h, ..., sockio.h - not found
-- Looking for 49 include files stdio.h, ..., sys/utsname.h
-- Looking for 49 include files stdio.h, ..., sys/utsname.h - found
-- Check size of size_t
-- Check size of size_t - done
-- Check size of ssize_t
-- Check size of ssize_t - done
-- Check size of long long
-- Check size of long long - done
-- Check size of long
-- Check size of long - done
-- Check size of short
-- Check size of short - done
-- Check size of int
-- Check size of int - done
-- Check size of __int64
-- Check size of __int64 - failed
-- Check size of long double
-- Check size of long double - done
-- Check size of time_t
-- Check size of time_t - done
-- Looking for basename
-- Looking for basename - found
-- Looking for socket
-- Looking for socket - found
-- Looking for select
-- Looking for select - found
-- Looking for poll
-- Looking for poll - found
-- Looking for strdup
-- Looking for strdup - found
-- Looking for strstr
-- Looking for strstr - found
-- Looking for strtok_r
-- Looking for strtok_r - found
-- Looking for strftime
-- Looking for strftime - found
-- Looking for uname
-- Looking for uname - found
-- Looking for strcasecmp
-- Looking for strcasecmp - found
-- Looking for stricmp
-- Looking for stricmp - not found
-- Looking for strcmpi
-- Looking for strcmpi - not found
-- Looking for strncmpi
-- Looking for strncmpi - not found
-- Looking for alarm
-- Looking for alarm - found
-- Looking for getppid
-- Looking for getppid - found
-- Looking for utimes
-- Looking for utimes - found
-- Looking for gettimeofday
-- Looking for gettimeofday - found
-- Looking for inet_addr
-- Looking for inet_addr - found
-- Looking for closesocket
-- Looking for closesocket - not found
-- Looking for sigsetjmp
-- Looking for sigsetjmp - found
-- Looking for getpass_r
-- Looking for getpass_r - not found
-- Looking for getpwuid
-- Looking for getpwuid - found
-- Looking for getpwuid_r
-- Looking for getpwuid_r - found
-- Looking for geteuid
-- Looking for geteuid - found
-- Looking for usleep
-- Looking for usleep - found
-- Looking for utime
-- Looking for utime - found
-- Looking for gmtime_r
-- Looking for gmtime_r - found
-- Looking for localtime_r
-- Looking for localtime_r - found
-- Looking for gethostbyname
-- Looking for gethostbyname - found
-- Looking for gethostbyname_r
-- Looking for gethostbyname_r - found
-- Looking for signal
-- Looking for signal - found
-- Looking for SIGALRM
-- Looking for SIGALRM - found
-- Looking for strtoll
-- Looking for strtoll - found
-- Looking for _strtoi64
-- Looking for _strtoi64 - not found
-- Looking for strerror_r
-- Looking for strerror_r - found
-- Looking for siginterrupt
-- Looking for siginterrupt - found
-- Looking for getaddrinfo
-- Looking for getaddrinfo - found
-- Looking for freeaddrinfo
-- Looking for freeaddrinfo - found
-- Looking for pipe
-- Looking for pipe - found
-- Looking for ftruncate
-- Looking for ftruncate - found
-- Looking for getprotobyname
-- Looking for getprotobyname - found
-- Looking for getpeername
-- Looking for getpeername - found
-- Looking for getsockname
-- Looking for getsockname - found
-- Looking for if_nametoindex
-- Looking for if_nametoindex - found
-- Looking for getrlimit
-- Looking for getrlimit - found
-- Looking for setlocale
-- Looking for setlocale - found
-- Looking for setmode
-- Looking for setmode - not found
-- Looking for setrlimit
-- Looking for setrlimit - found
-- Looking for fcntl
-- Looking for fcntl - found
-- Looking for ioctl
-- Looking for ioctl - found
-- Looking for setsockopt
-- Looking for setsockopt - found
-- Looking for mach_absolute_time
-- Looking for mach_absolute_time - not found
-- Looking for inet_pton
-- Looking for inet_pton - found
-- Looking for fsetxattr
-- Looking for fsetxattr - found
-- Performing Curl Test HAVE_FSETXATTR_5
-- Performing Curl Test HAVE_FSETXATTR_5 - Success
-- Performing Curl Test HAVE_FSETXATTR_6
-- Performing Curl Test HAVE_FSETXATTR_6 - Failed
-- Check size of sa_family_t
-- Check size of sa_family_t - done
-- Check size of ADDRESS_FAMILY
-- Check size of ADDRESS_FAMILY - failed
-- Looking for sigaction
-- Looking for sigaction - found
-- Performing Curl Test HAVE_FCNTL_O_NONBLOCK
-- Performing Curl Test HAVE_FCNTL_O_NONBLOCK - Success
-- Performing Curl Test HAVE_IOCTLSOCKET
-- Performing Curl Test HAVE_IOCTLSOCKET - Failed
-- Performing Curl Test HAVE_IOCTLSOCKET_CAMEL
-- Performing Curl Test HAVE_IOCTLSOCKET_CAMEL - Failed
-- Performing Curl Test HAVE_IOCTLSOCKET_CAMEL_FIONBIO
-- Performing Curl Test HAVE_IOCTLSOCKET_CAMEL_FIONBIO - Failed
-- Performing Curl Test HAVE_IOCTLSOCKET_FIONBIO
-- Performing Curl Test HAVE_IOCTLSOCKET_FIONBIO - Failed
-- Performing Curl Test HAVE_IOCTL_FIONBIO
-- Performing Curl Test HAVE_IOCTL_FIONBIO - Success
-- Performing Curl Test HAVE_IOCTL_SIOCGIFADDR
-- Performing Curl Test HAVE_IOCTL_SIOCGIFADDR - Success
-- Performing Curl Test HAVE_SETSOCKOPT_SO_NONBLOCK
-- Performing Curl Test HAVE_SETSOCKOPT_SO_NONBLOCK - Failed
-- Performing Curl Test TIME_WITH_SYS_TIME
-- Performing Curl Test TIME_WITH_SYS_TIME - Success
-- Performing Curl Test HAVE_O_NONBLOCK
-- Performing Curl Test HAVE_O_NONBLOCK - Failed
-- Performing Curl Test HAVE_GETHOSTBYNAME_R_3
-- Performing Curl Test HAVE_GETHOSTBYNAME_R_3 - Failed
-- Performing Curl Test HAVE_GETHOSTBYNAME_R_5
-- Performing Curl Test HAVE_GETHOSTBYNAME_R_5 - Failed
-- Performing Curl Test HAVE_GETHOSTBYNAME_R_6
-- Performing Curl Test HAVE_GETHOSTBYNAME_R_6 - Success
-- Performing Curl Test HAVE_GETHOSTBYNAME_R_3_REENTRANT
-- Performing Curl Test HAVE_GETHOSTBYNAME_R_3_REENTRANT - Failed
-- Performing Curl Test HAVE_GETHOSTBYNAME_R_5_REENTRANT
-- Performing Curl Test HAVE_GETHOSTBYNAME_R_5_REENTRANT - Failed
-- Performing Curl Test HAVE_GETHOSTBYNAME_R_6_REENTRANT
-- Performing Curl Test HAVE_GETHOSTBYNAME_R_6_REENTRANT - Success
-- Performing Curl Test HAVE_IN_ADDR_T
-- Performing Curl Test HAVE_IN_ADDR_T - Success
-- Performing Curl Test HAVE_BOOL_T
-- Performing Curl Test HAVE_BOOL_T - Success
-- Performing Curl Test STDC_HEADERS
-- Performing Curl Test STDC_HEADERS - Success
-- Performing Curl Test HAVE_FILE_OFFSET_BITS
-- Performing Curl Test HAVE_FILE_OFFSET_BITS - Success
-- Performing Curl Test HAVE_VARIADIC_MACROS_C99
-- Performing Curl Test HAVE_VARIADIC_MACROS_C99 - Success
-- Performing Curl Test HAVE_VARIADIC_MACROS_GCC
-- Performing Curl Test HAVE_VARIADIC_MACROS_GCC - Success
-- Check size of off_t
-- Check size of off_t - done
-- Check size of curl_off_t
-- Check size of curl_off_t - done
-- Performing Curl Test HAVE_GLIBC_STRERROR_R
-- Performing Curl Test HAVE_GLIBC_STRERROR_R - Failed
-- Performing Curl Test HAVE_POSIX_STRERROR_R
-- Performing Curl Test HAVE_POSIX_STRERROR_R - Success
-- Performing Curl Test HAVE_CLOCK_GETTIME_MONOTONIC
-- Performing Curl Test HAVE_CLOCK_GETTIME_MONOTONIC - Success
-- Performing Curl Test HAVE_BUILTIN_AVAILABLE
-- Performing Curl Test HAVE_BUILTIN_AVAILABLE - Failed
-- Performing Test curl_cv_recv
-- Performing Test curl_cv_recv - Success
-- Performing Test curl_cv_func_recv_test
-- Performing Test curl_cv_func_recv_test - Failed
-- Tested: int recv(SOCKET, char *, int, int)
-- Performing Test curl_cv_func_recv_test
-- Performing Test curl_cv_func_recv_test - Failed
-- Tested: int recv(SOCKET, char *, int, unsigned int)
-- Performing Test curl_cv_func_recv_test
-- Performing Test curl_cv_func_recv_test - Failed
-- Tested: int recv(SOCKET, char *, size_t, int)
-- Performing Test curl_cv_func_recv_test
-- Performing Test curl_cv_func_recv_test - Failed
-- Tested: int recv(SOCKET, char *, size_t, unsigned int)
-- Performing Test curl_cv_func_recv_test
-- Performing Test curl_cv_func_recv_test - Failed
-- Tested: int recv(SOCKET, char *, socklen_t, int)
-- Performing Test curl_cv_func_recv_test
-- Performing Test curl_cv_func_recv_test - Failed
-- Tested: int recv(SOCKET, char *, socklen_t, unsigned int)
-- Performing Test curl_cv_func_recv_test
-- Performing Test curl_cv_func_recv_test - Failed
-- Tested: int recv(SOCKET, char *, unsigned int, int)
-- Performing Test curl_cv_func_recv_test
-- Performing Test curl_cv_func_recv_test - Failed
-- Tested: int recv(SOCKET, char *, unsigned int, unsigned int)
-- Performing Test curl_cv_func_recv_test
-- Performing Test curl_cv_func_recv_test - Failed
-- Tested: int recv(SOCKET, void *, int, int)
-- Performing Test curl_cv_func_recv_test
-- Performing Test curl_cv_func_recv_test - Failed
-- Tested: int recv(SOCKET, void *, int, unsigned int)
-- Performing Test curl_cv_func_recv_test
-- Performing Test curl_cv_func_recv_test - Failed
-- Tested: int recv(SOCKET, void *, size_t, int)
-- Performing Test curl_cv_func_recv_test
-- Performing Test curl_cv_func_recv_test - Failed
-- Tested: int recv(SOCKET, void *, size_t, unsigned int)
-- Performing Test curl_cv_func_recv_test
-- Performing Test curl_cv_func_recv_test - Failed
-- Tested: int recv(SOCKET, void *, socklen_t, int)
-- Performing Test curl_cv_func_recv_test
-- Performing Test curl_cv_func_recv_test - Failed
-- Tested: int recv(SOCKET, void *, socklen_t, unsigned int)
-- Performing Test curl_cv_func_recv_test
-- Performing Test curl_cv_func_recv_test - Failed
-- Tested: int recv(SOCKET, void *, unsigned int, int)
-- Performing Test curl_cv_func_recv_test
-- Performing Test curl_cv_func_recv_test - Failed
-- Tested: int recv(SOCKET, void *, unsigned int, unsigned int)
-- Performing Test curl_cv_func_recv_test
-- Performing Test curl_cv_func_recv_test - Failed
-- Tested: int recv(int, char *, int, int)
-- Performing Test curl_cv_func_recv_test
-- Performing Test curl_cv_func_recv_test - Failed
-- Tested: int recv(int, char *, int, unsigned int)
-- Performing Test curl_cv_func_recv_test
-- Performing Test curl_cv_func_recv_test - Failed
-- Tested: int recv(int, char *, size_t, int)
-- Performing Test curl_cv_func_recv_test
-- Performing Test curl_cv_func_recv_test - Failed
-- Tested: int recv(int, char *, size_t, unsigned int)
-- Performing Test curl_cv_func_recv_test
-- Performing Test curl_cv_func_recv_test - Failed
-- Tested: int recv(int, char *, socklen_t, int)
-- Performing Test curl_cv_func_recv_test
-- Performing Test curl_cv_func_recv_test - Failed
-- Tested: int recv(int, char *, socklen_t, unsigned int)
-- Performing Test curl_cv_func_recv_test
-- Performing Test curl_cv_func_recv_test - Failed
-- Tested: int recv(int, char *, unsigned int, int)
-- Performing Test curl_cv_func_recv_test
-- Performing Test curl_cv_func_recv_test - Failed
-- Tested: int recv(int, char *, unsigned int, unsigned int)
-- Performing Test curl_cv_func_recv_test
-- Performing Test curl_cv_func_recv_test - Failed
-- Tested: int recv(int, void *, int, int)
-- Performing Test curl_cv_func_recv_test
-- Performing Test curl_cv_func_recv_test - Failed
-- Tested: int recv(int, void *, int, unsigned int)
-- Performing Test curl_cv_func_recv_test
-- Performing Test curl_cv_func_recv_test - Failed
-- Tested: int recv(int, void *, size_t, int)
-- Performing Test curl_cv_func_recv_test
-- Performing Test curl_cv_func_recv_test - Failed
-- Tested: int recv(int, void *, size_t, unsigned int)
-- Performing Test curl_cv_func_recv_test
-- Performing Test curl_cv_func_recv_test - Failed
-- Tested: int recv(int, void *, socklen_t, int)
-- Performing Test curl_cv_func_recv_test
-- Performing Test curl_cv_func_recv_test - Failed
-- Tested: int recv(int, void *, socklen_t, unsigned int)
-- Performing Test curl_cv_func_recv_test
-- Performing Test curl_cv_func_recv_test - Failed
-- Tested: int recv(int, void *, unsigned int, int)
-- Performing Test curl_cv_func_recv_test
-- Performing Test curl_cv_func_recv_test - Failed
-- Tested: int recv(int, void *, unsigned int, unsigned int)
-- Performing Test curl_cv_func_recv_test
-- Performing Test curl_cv_func_recv_test - Failed
-- Tested: ssize_t recv(SOCKET, char *, int, int)
-- Performing Test curl_cv_func_recv_test
-- Performing Test curl_cv_func_recv_test - Failed
-- Tested: ssize_t recv(SOCKET, char *, int, unsigned int)
-- Performing Test curl_cv_func_recv_test
-- Performing Test curl_cv_func_recv_test - Failed
-- Tested: ssize_t recv(SOCKET, char *, size_t, int)
-- Performing Test curl_cv_func_recv_test
-- Performing Test curl_cv_func_recv_test - Failed
-- Tested: ssize_t recv(SOCKET, char *, size_t, unsigned int)
-- Performing Test curl_cv_func_recv_test
-- Performing Test curl_cv_func_recv_test - Failed
-- Tested: ssize_t recv(SOCKET, char *, socklen_t, int)
-- Performing Test curl_cv_func_recv_test
-- Performing Test curl_cv_func_recv_test - Failed
-- Tested: ssize_t recv(SOCKET, char *, socklen_t, unsigned int)
-- Performing Test curl_cv_func_recv_test
-- Performing Test curl_cv_func_recv_test - Failed
-- Tested: ssize_t recv(SOCKET, char *, unsigned int, int)
-- Performing Test curl_cv_func_recv_test
-- Performing Test curl_cv_func_recv_test - Failed
-- Tested: ssize_t recv(SOCKET, char *, unsigned int, unsigned int)
-- Performing Test curl_cv_func_recv_test
-- Performing Test curl_cv_func_recv_test - Failed
-- Tested: ssize_t recv(SOCKET, void *, int, int)
-- Performing Test curl_cv_func_recv_test
-- Performing Test curl_cv_func_recv_test - Failed
-- Tested: ssize_t recv(SOCKET, void *, int, unsigned int)
-- Performing Test curl_cv_func_recv_test
-- Performing Test curl_cv_func_recv_test - Failed
-- Tested: ssize_t recv(SOCKET, void *, size_t, int)
-- Performing Test curl_cv_func_recv_test
-- Performing Test curl_cv_func_recv_test - Failed
-- Tested: ssize_t recv(SOCKET, void *, size_t, unsigned int)
-- Performing Test curl_cv_func_recv_test
-- Performing Test curl_cv_func_recv_test - Failed
-- Tested: ssize_t recv(SOCKET, void *, socklen_t, int)
-- Performing Test curl_cv_func_recv_test
-- Performing Test curl_cv_func_recv_test - Failed
-- Tested: ssize_t recv(SOCKET, void *, socklen_t, unsigned int)
-- Performing Test curl_cv_func_recv_test
-- Performing Test curl_cv_func_recv_test - Failed
-- Tested: ssize_t recv(SOCKET, void *, unsigned int, int)
-- Performing Test curl_cv_func_recv_test
-- Performing Test curl_cv_func_recv_test - Failed
-- Tested: ssize_t recv(SOCKET, void *, unsigned int, unsigned int)
-- Performing Test curl_cv_func_recv_test
-- Performing Test curl_cv_func_recv_test - Failed
-- Tested: ssize_t recv(int, char *, int, int)
-- Performing Test curl_cv_func_recv_test
-- Performing Test curl_cv_func_recv_test - Failed
-- Tested: ssize_t recv(int, char *, int, unsigned int)
-- Performing Test curl_cv_func_recv_test
-- Performing Test curl_cv_func_recv_test - Failed
-- Tested: ssize_t recv(int, char *, size_t, int)
-- Performing Test curl_cv_func_recv_test
-- Performing Test curl_cv_func_recv_test - Failed
-- Tested: ssize_t recv(int, char *, size_t, unsigned int)
-- Performing Test curl_cv_func_recv_test
-- Performing Test curl_cv_func_recv_test - Failed
-- Tested: ssize_t recv(int, char *, socklen_t, int)
-- Performing Test curl_cv_func_recv_test
-- Performing Test curl_cv_func_recv_test - Failed
-- Tested: ssize_t recv(int, char *, socklen_t, unsigned int)
-- Performing Test curl_cv_func_recv_test
-- Performing Test curl_cv_func_recv_test - Failed
-- Tested: ssize_t recv(int, char *, unsigned int, int)
-- Performing Test curl_cv_func_recv_test
-- Performing Test curl_cv_func_recv_test - Failed
-- Tested: ssize_t recv(int, char *, unsigned int, unsigned int)
-- Performing Test curl_cv_func_recv_test
-- Performing Test curl_cv_func_recv_test - Failed
-- Tested: ssize_t recv(int, void *, int, int)
-- Performing Test curl_cv_func_recv_test
-- Performing Test curl_cv_func_recv_test - Failed
-- Tested: ssize_t recv(int, void *, int, unsigned int)
-- Performing Test curl_cv_func_recv_test
-- Performing Test curl_cv_func_recv_test - Success
-- Tested: ssize_t recv(int, void *, size_t, int)
-- Performing Test curl_cv_send
-- Performing Test curl_cv_send - Success
-- Performing Test curl_cv_func_send_test
-- Performing Test curl_cv_func_send_test - Failed
-- Tested: int send(SOCKET, const char *, int, int)
-- Performing Test curl_cv_func_send_test
-- Performing Test curl_cv_func_send_test - Failed
-- Tested: int send(SOCKET, const char *, int, unsigned int)
-- Performing Test curl_cv_func_send_test
-- Performing Test curl_cv_func_send_test - Failed
-- Tested: int send(SOCKET, const char *, size_t, int)
-- Performing Test curl_cv_func_send_test
-- Performing Test curl_cv_func_send_test - Failed
-- Tested: int send(SOCKET, const char *, size_t, unsigned int)
-- Performing Test curl_cv_func_send_test
-- Performing Test curl_cv_func_send_test - Failed
-- Tested: int send(SOCKET, const char *, socklen_t, int)
-- Performing Test curl_cv_func_send_test
-- Performing Test curl_cv_func_send_test - Failed
-- Tested: int send(SOCKET, const char *, socklen_t, unsigned int)
-- Performing Test curl_cv_func_send_test
-- Performing Test curl_cv_func_send_test - Failed
-- Tested: int send(SOCKET, const char *, unsigned int, int)
-- Performing Test curl_cv_func_send_test
-- Performing Test curl_cv_func_send_test - Failed
-- Tested: int send(SOCKET, const char *, unsigned int, unsigned int)
-- Performing Test curl_cv_func_send_test
-- Performing Test curl_cv_func_send_test - Failed
-- Tested: int send(SOCKET, const void *, int, int)
-- Performing Test curl_cv_func_send_test
-- Performing Test curl_cv_func_send_test - Failed
-- Tested: int send(SOCKET, const void *, int, unsigned int)
-- Performing Test curl_cv_func_send_test
-- Performing Test curl_cv_func_send_test - Failed
-- Tested: int send(SOCKET, const void *, size_t, int)
-- Performing Test curl_cv_func_send_test
-- Performing Test curl_cv_func_send_test - Failed
-- Tested: int send(SOCKET, const void *, size_t, unsigned int)
-- Performing Test curl_cv_func_send_test
-- Performing Test curl_cv_func_send_test - Failed
-- Tested: int send(SOCKET, const void *, socklen_t, int)
-- Performing Test curl_cv_func_send_test
-- Performing Test curl_cv_func_send_test - Failed
-- Tested: int send(SOCKET, const void *, socklen_t, unsigned int)
-- Performing Test curl_cv_func_send_test
-- Performing Test curl_cv_func_send_test - Failed
-- Tested: int send(SOCKET, const void *, unsigned int, int)
-- Performing Test curl_cv_func_send_test
-- Performing Test curl_cv_func_send_test - Failed
-- Tested: int send(SOCKET, const void *, unsigned int, unsigned int)
-- Performing Test curl_cv_func_send_test
-- Performing Test curl_cv_func_send_test - Failed
-- Tested: int send(SOCKET, void *, int, int)
-- Performing Test curl_cv_func_send_test
-- Performing Test curl_cv_func_send_test - Failed
-- Tested: int send(SOCKET, void *, int, unsigned int)
-- Performing Test curl_cv_func_send_test
-- Performing Test curl_cv_func_send_test - Failed
-- Tested: int send(SOCKET, void *, size_t, int)
-- Performing Test curl_cv_func_send_test
-- Performing Test curl_cv_func_send_test - Failed
-- Tested: int send(SOCKET, void *, size_t, unsigned int)
-- Performing Test curl_cv_func_send_test
-- Performing Test curl_cv_func_send_test - Failed
-- Tested: int send(SOCKET, void *, socklen_t, int)
-- Performing Test curl_cv_func_send_test
-- Performing Test curl_cv_func_send_test - Failed
-- Tested: int send(SOCKET, void *, socklen_t, unsigned int)
-- Performing Test curl_cv_func_send_test
-- Performing Test curl_cv_func_send_test - Failed
-- Tested: int send(SOCKET, void *, unsigned int, int)
-- Performing Test curl_cv_func_send_test
-- Performing Test curl_cv_func_send_test - Failed
-- Tested: int send(SOCKET, void *, unsigned int, unsigned int)
-- Performing Test curl_cv_func_send_test
-- Performing Test curl_cv_func_send_test - Failed
-- Tested: int send(SOCKET, char *, int, int)
-- Performing Test curl_cv_func_send_test
-- Performing Test curl_cv_func_send_test - Failed
-- Tested: int send(SOCKET, char *, int, unsigned int)
-- Performing Test curl_cv_func_send_test
-- Performing Test curl_cv_func_send_test - Failed
-- Tested: int send(SOCKET, char *, size_t, int)
-- Performing Test curl_cv_func_send_test
-- Performing Test curl_cv_func_send_test - Failed
-- Tested: int send(SOCKET, char *, size_t, unsigned int)
-- Performing Test curl_cv_func_send_test
-- Performing Test curl_cv_func_send_test - Failed
-- Tested: int send(SOCKET, char *, socklen_t, int)
-- Performing Test curl_cv_func_send_test
-- Performing Test curl_cv_func_send_test - Failed
-- Tested: int send(SOCKET, char *, socklen_t, unsigned int)
-- Performing Test curl_cv_func_send_test
-- Performing Test curl_cv_func_send_test - Failed
-- Tested: int send(SOCKET, char *, unsigned int, int)
-- Performing Test curl_cv_func_send_test
-- Performing Test curl_cv_func_send_test - Failed
-- Tested: int send(SOCKET, char *, unsigned int, unsigned int)
-- Performing Test curl_cv_func_send_test
-- Performing Test curl_cv_func_send_test - Failed
-- Tested: int send(int, const char *, int, int)
-- Performing Test curl_cv_func_send_test
-- Performing Test curl_cv_func_send_test - Failed
-- Tested: int send(int, const char *, int, unsigned int)
-- Performing Test curl_cv_func_send_test
-- Performing Test curl_cv_func_send_test - Failed
-- Tested: int send(int, const char *, size_t, int)
-- Performing Test curl_cv_func_send_test
-- Performing Test curl_cv_func_send_test - Failed
-- Tested: int send(int, const char *, size_t, unsigned int)
-- Performing Test curl_cv_func_send_test
-- Performing Test curl_cv_func_send_test - Failed
-- Tested: int send(int, const char *, socklen_t, int)
-- Performing Test curl_cv_func_send_test
-- Performing Test curl_cv_func_send_test - Failed
-- Tested: int send(int, const char *, socklen_t, unsigned int)
-- Performing Test curl_cv_func_send_test
-- Performing Test curl_cv_func_send_test - Failed
-- Tested: int send(int, const char *, unsigned int, int)
-- Performing Test curl_cv_func_send_test
-- Performing Test curl_cv_func_send_test - Failed
-- Tested: int send(int, const char *, unsigned int, unsigned int)
-- Performing Test curl_cv_func_send_test
-- Performing Test curl_cv_func_send_test - Failed
-- Tested: int send(int, const void *, int, int)
-- Performing Test curl_cv_func_send_test
-- Performing Test curl_cv_func_send_test - Failed
-- Tested: int send(int, const void *, int, unsigned int)
-- Performing Test curl_cv_func_send_test
-- Performing Test curl_cv_func_send_test - Failed
-- Tested: int send(int, const void *, size_t, int)
-- Performing Test curl_cv_func_send_test
-- Performing Test curl_cv_func_send_test - Failed
-- Tested: int send(int, const void *, size_t, unsigned int)
-- Performing Test curl_cv_func_send_test
-- Performing Test curl_cv_func_send_test - Failed
-- Tested: int send(int, const void *, socklen_t, int)
-- Performing Test curl_cv_func_send_test
-- Performing Test curl_cv_func_send_test - Failed
-- Tested: int send(int, const void *, socklen_t, unsigned int)
-- Performing Test curl_cv_func_send_test
-- Performing Test curl_cv_func_send_test - Failed
-- Tested: int send(int, const void *, unsigned int, int)
-- Performing Test curl_cv_func_send_test
-- Performing Test curl_cv_func_send_test - Failed
-- Tested: int send(int, const void *, unsigned int, unsigned int)
-- Performing Test curl_cv_func_send_test
-- Performing Test curl_cv_func_send_test - Failed
-- Tested: int send(int, void *, int, int)
-- Performing Test curl_cv_func_send_test
-- Performing Test curl_cv_func_send_test - Failed
-- Tested: int send(int, void *, int, unsigned int)
-- Performing Test curl_cv_func_send_test
-- Performing Test curl_cv_func_send_test - Failed
-- Tested: int send(int, void *, size_t, int)
-- Performing Test curl_cv_func_send_test
-- Performing Test curl_cv_func_send_test - Failed
-- Tested: int send(int, void *, size_t, unsigned int)
-- Performing Test curl_cv_func_send_test
-- Performing Test curl_cv_func_send_test - Failed
-- Tested: int send(int, void *, socklen_t, int)
-- Performing Test curl_cv_func_send_test
-- Performing Test curl_cv_func_send_test - Failed
-- Tested: int send(int, void *, socklen_t, unsigned int)
-- Performing Test curl_cv_func_send_test
-- Performing Test curl_cv_func_send_test - Failed
-- Tested: int send(int, void *, unsigned int, int)
-- Performing Test curl_cv_func_send_test
-- Performing Test curl_cv_func_send_test - Failed
-- Tested: int send(int, void *, unsigned int, unsigned int)
-- Performing Test curl_cv_func_send_test
-- Performing Test curl_cv_func_send_test - Failed
-- Tested: int send(int, char *, int, int)
-- Performing Test curl_cv_func_send_test
-- Performing Test curl_cv_func_send_test - Failed
-- Tested: int send(int, char *, int, unsigned int)
-- Performing Test curl_cv_func_send_test
-- Performing Test curl_cv_func_send_test - Failed
-- Tested: int send(int, char *, size_t, int)
-- Performing Test curl_cv_func_send_test
-- Performing Test curl_cv_func_send_test - Failed
-- Tested: int send(int, char *, size_t, unsigned int)
-- Performing Test curl_cv_func_send_test
-- Performing Test curl_cv_func_send_test - Failed
-- Tested: int send(int, char *, socklen_t, int)
-- Performing Test curl_cv_func_send_test
-- Performing Test curl_cv_func_send_test - Failed
-- Tested: int send(int, char *, socklen_t, unsigned int)
-- Performing Test curl_cv_func_send_test
-- Performing Test curl_cv_func_send_test - Failed
-- Tested: int send(int, char *, unsigned int, int)
-- Performing Test curl_cv_func_send_test
-- Performing Test curl_cv_func_send_test - Failed
-- Tested: int send(int, char *, unsigned int, unsigned int)
-- Performing Test curl_cv_func_send_test
-- Performing Test curl_cv_func_send_test - Failed
-- Tested: int send(ssize_t, const char *, int, int)
-- Performing Test curl_cv_func_send_test
-- Performing Test curl_cv_func_send_test - Failed
-- Tested: int send(ssize_t, const char *, int, unsigned int)
-- Performing Test curl_cv_func_send_test
-- Performing Test curl_cv_func_send_test - Failed
-- Tested: int send(ssize_t, const char *, size_t, int)
-- Performing Test curl_cv_func_send_test
-- Performing Test curl_cv_func_send_test - Failed
-- Tested: int send(ssize_t, const char *, size_t, unsigned int)
-- Performing Test curl_cv_func_send_test
-- Performing Test curl_cv_func_send_test - Failed
-- Tested: int send(ssize_t, const char *, socklen_t, int)
-- Performing Test curl_cv_func_send_test
-- Performing Test curl_cv_func_send_test - Failed
-- Tested: int send(ssize_t, const char *, socklen_t, unsigned int)
-- Performing Test curl_cv_func_send_test
-- Performing Test curl_cv_func_send_test - Failed
-- Tested: int send(ssize_t, const char *, unsigned int, int)
-- Performing Test curl_cv_func_send_test
-- Performing Test curl_cv_func_send_test - Failed
-- Tested: int send(ssize_t, const char *, unsigned int, unsigned int)
-- Performing Test curl_cv_func_send_test
-- Performing Test curl_cv_func_send_test - Failed
-- Tested: int send(ssize_t, const void *, int, int)
-- Performing Test curl_cv_func_send_test
-- Performing Test curl_cv_func_send_test - Failed
-- Tested: int send(ssize_t, const void *, int, unsigned int)
-- Performing Test curl_cv_func_send_test
-- Performing Test curl_cv_func_send_test - Failed
-- Tested: int send(ssize_t, const void *, size_t, int)
-- Performing Test curl_cv_func_send_test
-- Performing Test curl_cv_func_send_test - Failed
-- Tested: int send(ssize_t, const void *, size_t, unsigned int)
-- Performing Test curl_cv_func_send_test
-- Performing Test curl_cv_func_send_test - Failed
-- Tested: int send(ssize_t, const void *, socklen_t, int)
-- Performing Test curl_cv_func_send_test
-- Performing Test curl_cv_func_send_test - Failed
-- Tested: int send(ssize_t, const void *, socklen_t, unsigned int)
-- Performing Test curl_cv_func_send_test
-- Performing Test curl_cv_func_send_test - Failed
-- Tested: int send(ssize_t, const void *, unsigned int, int)
-- Performing Test curl_cv_func_send_test
-- Performing Test curl_cv_func_send_test - Failed
-- Tested: int send(ssize_t, const void *, unsigned int, unsigned int)
-- Performing Test curl_cv_func_send_test
-- Performing Test curl_cv_func_send_test - Failed
-- Tested: int send(ssize_t, void *, int, int)
-- Performing Test curl_cv_func_send_test
-- Performing Test curl_cv_func_send_test - Failed
-- Tested: int send(ssize_t, void *, int, unsigned int)
-- Performing Test curl_cv_func_send_test
-- Performing Test curl_cv_func_send_test - Failed
-- Tested: int send(ssize_t, void *, size_t, int)
-- Performing Test curl_cv_func_send_test
-- Performing Test curl_cv_func_send_test - Failed
-- Tested: int send(ssize_t, void *, size_t, unsigned int)
-- Performing Test curl_cv_func_send_test
-- Performing Test curl_cv_func_send_test - Failed
-- Tested: int send(ssize_t, void *, socklen_t, int)
-- Performing Test curl_cv_func_send_test
-- Performing Test curl_cv_func_send_test - Failed
-- Tested: int send(ssize_t, void *, socklen_t, unsigned int)
-- Performing Test curl_cv_func_send_test
-- Performing Test curl_cv_func_send_test - Failed
-- Tested: int send(ssize_t, void *, unsigned int, int)
-- Performing Test curl_cv_func_send_test
-- Performing Test curl_cv_func_send_test - Failed
-- Tested: int send(ssize_t, void *, unsigned int, unsigned int)
-- Performing Test curl_cv_func_send_test
-- Performing Test curl_cv_func_send_test - Failed
-- Tested: int send(ssize_t, char *, int, int)
-- Performing Test curl_cv_func_send_test
-- Performing Test curl_cv_func_send_test - Failed
-- Tested: int send(ssize_t, char *, int, unsigned int)
-- Performing Test curl_cv_func_send_test
-- Performing Test curl_cv_func_send_test - Failed
-- Tested: int send(ssize_t, char *, size_t, int)
-- Performing Test curl_cv_func_send_test
-- Performing Test curl_cv_func_send_test - Failed
-- Tested: int send(ssize_t, char *, size_t, unsigned int)
-- Performing Test curl_cv_func_send_test
-- Performing Test curl_cv_func_send_test - Failed
-- Tested: int send(ssize_t, char *, socklen_t, int)
-- Performing Test curl_cv_func_send_test
-- Performing Test curl_cv_func_send_test - Failed
-- Tested: int send(ssize_t, char *, socklen_t, unsigned int)
-- Performing Test curl_cv_func_send_test
-- Performing Test curl_cv_func_send_test - Failed
-- Tested: int send(ssize_t, char *, unsigned int, int)
-- Performing Test curl_cv_func_send_test
-- Performing Test curl_cv_func_send_test - Failed
-- Tested: int send(ssize_t, char *, unsigned int, unsigned int)
-- Performing Test curl_cv_func_send_test
-- Performing Test curl_cv_func_send_test - Failed
-- Tested: ssize_t send(SOCKET, const char *, int, int)
-- Performing Test curl_cv_func_send_test
-- Performing Test curl_cv_func_send_test - Failed
-- Tested: ssize_t send(SOCKET, const char *, int, unsigned int)
-- Performing Test curl_cv_func_send_test
-- Performing Test curl_cv_func_send_test - Failed
-- Tested: ssize_t send(SOCKET, const char *, size_t, int)
-- Performing Test curl_cv_func_send_test
-- Performing Test curl_cv_func_send_test - Failed
-- Tested: ssize_t send(SOCKET, const char *, size_t, unsigned int)
-- Performing Test curl_cv_func_send_test
-- Performing Test curl_cv_func_send_test - Failed
-- Tested: ssize_t send(SOCKET, const char *, socklen_t, int)
-- Performing Test curl_cv_func_send_test
-- Performing Test curl_cv_func_send_test - Failed
-- Tested: ssize_t send(SOCKET, const char *, socklen_t, unsigned int)
-- Performing Test curl_cv_func_send_test
-- Performing Test curl_cv_func_send_test - Failed
-- Tested: ssize_t send(SOCKET, const char *, unsigned int, int)
-- Performing Test curl_cv_func_send_test
-- Performing Test curl_cv_func_send_test - Failed
-- Tested: ssize_t send(SOCKET, const char *, unsigned int, unsigned int)
-- Performing Test curl_cv_func_send_test
-- Performing Test curl_cv_func_send_test - Failed
-- Tested: ssize_t send(SOCKET, const void *, int, int)
-- Performing Test curl_cv_func_send_test
-- Performing Test curl_cv_func_send_test - Failed
-- Tested: ssize_t send(SOCKET, const void *, int, unsigned int)
-- Performing Test curl_cv_func_send_test
-- Performing Test curl_cv_func_send_test - Failed
-- Tested: ssize_t send(SOCKET, const void *, size_t, int)
-- Performing Test curl_cv_func_send_test
-- Performing Test curl_cv_func_send_test - Failed
-- Tested: ssize_t send(SOCKET, const void *, size_t, unsigned int)
-- Performing Test curl_cv_func_send_test
-- Performing Test curl_cv_func_send_test - Failed
-- Tested: ssize_t send(SOCKET, const void *, socklen_t, int)
-- Performing Test curl_cv_func_send_test
-- Performing Test curl_cv_func_send_test - Failed
-- Tested: ssize_t send(SOCKET, const void *, socklen_t, unsigned int)
-- Performing Test curl_cv_func_send_test
-- Performing Test curl_cv_func_send_test - Failed
-- Tested: ssize_t send(SOCKET, const void *, unsigned int, int)
-- Performing Test curl_cv_func_send_test
-- Performing Test curl_cv_func_send_test - Failed
-- Tested: ssize_t send(SOCKET, const void *, unsigned int, unsigned int)
-- Performing Test curl_cv_func_send_test
-- Performing Test curl_cv_func_send_test - Failed
-- Tested: ssize_t send(SOCKET, void *, int, int)
-- Performing Test curl_cv_func_send_test
-- Performing Test curl_cv_func_send_test - Failed
-- Tested: ssize_t send(SOCKET, void *, int, unsigned int)
-- Performing Test curl_cv_func_send_test
-- Performing Test curl_cv_func_send_test - Failed
-- Tested: ssize_t send(SOCKET, void *, size_t, int)
-- Performing Test curl_cv_func_send_test
-- Performing Test curl_cv_func_send_test - Failed
-- Tested: ssize_t send(SOCKET, void *, size_t, unsigned int)
-- Performing Test curl_cv_func_send_test
-- Performing Test curl_cv_func_send_test - Failed
-- Tested: ssize_t send(SOCKET, void *, socklen_t, int)
-- Performing Test curl_cv_func_send_test
-- Performing Test curl_cv_func_send_test - Failed
-- Tested: ssize_t send(SOCKET, void *, socklen_t, unsigned int)
-- Performing Test curl_cv_func_send_test
-- Performing Test curl_cv_func_send_test - Failed
-- Tested: ssize_t send(SOCKET, void *, unsigned int, int)
-- Performing Test curl_cv_func_send_test
-- Performing Test curl_cv_func_send_test - Failed
-- Tested: ssize_t send(SOCKET, void *, unsigned int, unsigned int)
-- Performing Test curl_cv_func_send_test
-- Performing Test curl_cv_func_send_test - Failed
-- Tested: ssize_t send(SOCKET, char *, int, int)
-- Performing Test curl_cv_func_send_test
-- Performing Test curl_cv_func_send_test - Failed
-- Tested: ssize_t send(SOCKET, char *, int, unsigned int)
-- Performing Test curl_cv_func_send_test
-- Performing Test curl_cv_func_send_test - Failed
-- Tested: ssize_t send(SOCKET, char *, size_t, int)
-- Performing Test curl_cv_func_send_test
-- Performing Test curl_cv_func_send_test - Failed
-- Tested: ssize_t send(SOCKET, char *, size_t, unsigned int)
-- Performing Test curl_cv_func_send_test
-- Performing Test curl_cv_func_send_test - Failed
-- Tested: ssize_t send(SOCKET, char *, socklen_t, int)
-- Performing Test curl_cv_func_send_test
-- Performing Test curl_cv_func_send_test - Failed
-- Tested: ssize_t send(SOCKET, char *, socklen_t, unsigned int)
-- Performing Test curl_cv_func_send_test
-- Performing Test curl_cv_func_send_test - Failed
-- Tested: ssize_t send(SOCKET, char *, unsigned int, int)
-- Performing Test curl_cv_func_send_test
-- Performing Test curl_cv_func_send_test - Failed
-- Tested: ssize_t send(SOCKET, char *, unsigned int, unsigned int)
-- Performing Test curl_cv_func_send_test
-- Performing Test curl_cv_func_send_test - Failed
-- Tested: ssize_t send(int, const char *, int, int)
-- Performing Test curl_cv_func_send_test
-- Performing Test curl_cv_func_send_test - Failed
-- Tested: ssize_t send(int, const char *, int, unsigned int)
-- Performing Test curl_cv_func_send_test
-- Performing Test curl_cv_func_send_test - Failed
-- Tested: ssize_t send(int, const char *, size_t, int)
-- Performing Test curl_cv_func_send_test
-- Performing Test curl_cv_func_send_test - Failed
-- Tested: ssize_t send(int, const char *, size_t, unsigned int)
-- Performing Test curl_cv_func_send_test
-- Performing Test curl_cv_func_send_test - Failed
-- Tested: ssize_t send(int, const char *, socklen_t, int)
-- Performing Test curl_cv_func_send_test
-- Performing Test curl_cv_func_send_test - Failed
-- Tested: ssize_t send(int, const char *, socklen_t, unsigned int)
-- Performing Test curl_cv_func_send_test
-- Performing Test curl_cv_func_send_test - Failed
-- Tested: ssize_t send(int, const char *, unsigned int, int)
-- Performing Test curl_cv_func_send_test
-- Performing Test curl_cv_func_send_test - Failed
-- Tested: ssize_t send(int, const char *, unsigned int, unsigned int)
-- Performing Test curl_cv_func_send_test
-- Performing Test curl_cv_func_send_test - Failed
-- Tested: ssize_t send(int, const void *, int, int)
-- Performing Test curl_cv_func_send_test
-- Performing Test curl_cv_func_send_test - Failed
-- Tested: ssize_t send(int, const void *, int, unsigned int)
-- Performing Test curl_cv_func_send_test
-- Performing Test curl_cv_func_send_test - Success
-- Tested: ssize_t send(int, const void *, size_t, int)
-- Performing Test HAVE_MSG_NOSIGNAL
-- Performing Test HAVE_MSG_NOSIGNAL - Success
-- Performing Test HAVE_STRUCT_TIMEVAL
-- Performing Test HAVE_STRUCT_TIMEVAL - Success
-- Check size of struct sockaddr_storage
-- Check size of struct sockaddr_storage - done
-- Performing Test HAVE_POLL_FINE
-- Performing Test HAVE_POLL_FINE - Success
-- Enabled features: SSL IPv6 unixsockets AsynchDNS Largefile alt-svc HSTS NTLM HTTPS-proxy
-- Enabled protocols: HTTP HTTPS
-- Enabled SSL backends: OpenSSL
-- Found Python: /usr/bin/python3.8 (found version "3.8.10") found components: Interpreter 
-- Configuring done
-- Generating done
-- Build files have been written to: /home/mayadm/repos/wired-watering/maya/build
> timeout 60m sudo -u mayadm ./ub-unix-build.sh
Scanning dependencies of target zlib
[  0%] Building C object _deps/zlib-build/CMakeFiles/zlib.dir/adler32.c.o
[  1%] Building C object _deps/zlib-build/CMakeFiles/zlib.dir/chunkset.c.o
[  1%] Building C object _deps/zlib-build/CMakeFiles/zlib.dir/compare258.c.o
[  2%] Building C object _deps/zlib-build/CMakeFiles/zlib.dir/compress.c.o
[  2%] Building C object _deps/zlib-build/CMakeFiles/zlib.dir/crc32.c.o
[  2%] Building C object _deps/zlib-build/CMakeFiles/zlib.dir/crc32_comb.c.o
[  3%] Building C object _deps/zlib-build/CMakeFiles/zlib.dir/deflate.c.o
[  3%] Building C object _deps/zlib-build/CMakeFiles/zlib.dir/deflate_fast.c.o
[  4%] Building C object _deps/zlib-build/CMakeFiles/zlib.dir/deflate_medium.c.o
[  4%] Building C object _deps/zlib-build/CMakeFiles/zlib.dir/deflate_quick.c.o
[  5%] Building C object _deps/zlib-build/CMakeFiles/zlib.dir/deflate_slow.c.o
[  5%] Building C object _deps/zlib-build/CMakeFiles/zlib.dir/functable.c.o
[  6%] Building C object _deps/zlib-build/CMakeFiles/zlib.dir/infback.c.o
[  6%] Building C object _deps/zlib-build/CMakeFiles/zlib.dir/inffast.c.o
[  7%] Building C object _deps/zlib-build/CMakeFiles/zlib.dir/inflate.c.o
[  7%] Building C object _deps/zlib-build/CMakeFiles/zlib.dir/inftrees.c.o
[  7%] Building C object _deps/zlib-build/CMakeFiles/zlib.dir/insert_string.c.o
[  8%] Building C object _deps/zlib-build/CMakeFiles/zlib.dir/trees.c.o
[  8%] Building C object _deps/zlib-build/CMakeFiles/zlib.dir/uncompr.c.o
[  9%] Building C object _deps/zlib-build/CMakeFiles/zlib.dir/zutil.c.o
[  9%] Building C object _deps/zlib-build/CMakeFiles/zlib.dir/arch/x86/x86.c.o
[ 10%] Building C object _deps/zlib-build/CMakeFiles/zlib.dir/arch/x86/slide_avx.c.o
[ 10%] Building C object _deps/zlib-build/CMakeFiles/zlib.dir/arch/x86/chunkset_avx.c.o
[ 11%] Building C object _deps/zlib-build/CMakeFiles/zlib.dir/arch/x86/compare258_avx.c.o
[ 11%] Building C object _deps/zlib-build/CMakeFiles/zlib.dir/arch/x86/adler32_avx.c.o
[ 11%] Building C object _deps/zlib-build/CMakeFiles/zlib.dir/arch/x86/insert_string_sse.c.o
[ 12%] Building C object _deps/zlib-build/CMakeFiles/zlib.dir/arch/x86/compare258_sse.c.o
[ 12%] Building C object _deps/zlib-build/CMakeFiles/zlib.dir/arch/x86/chunkset_sse.c.o
[ 13%] Building C object _deps/zlib-build/CMakeFiles/zlib.dir/arch/x86/slide_sse.c.o
[ 13%] Building C object _deps/zlib-build/CMakeFiles/zlib.dir/arch/x86/adler32_ssse3.c.o
[ 14%] Building C object _deps/zlib-build/CMakeFiles/zlib.dir/arch/x86/crc_folding.c.o
[ 14%] Building C object _deps/zlib-build/CMakeFiles/zlib.dir/gzlib.c.o
[ 15%] Building C object _deps/zlib-build/CMakeFiles/zlib.dir/gzread.c.o
[ 15%] Building C object _deps/zlib-build/CMakeFiles/zlib.dir/gzwrite.c.o
[ 16%] Linking C shared library libz.so
[ 16%] Built target zlib
Scanning dependencies of target libcurl
[ 17%] Building C object _deps/curl-build/lib/CMakeFiles/libcurl.dir/altsvc.c.o
[ 17%] Building C object _deps/curl-build/lib/CMakeFiles/libcurl.dir/amigaos.c.o
[ 18%] Building C object _deps/curl-build/lib/CMakeFiles/libcurl.dir/asyn-ares.c.o
[ 18%] Building C object _deps/curl-build/lib/CMakeFiles/libcurl.dir/asyn-thread.c.o
[ 19%] Building C object _deps/curl-build/lib/CMakeFiles/libcurl.dir/base64.c.o
[ 19%] Building C object _deps/curl-build/lib/CMakeFiles/libcurl.dir/bufref.c.o
[ 19%] Building C object _deps/curl-build/lib/CMakeFiles/libcurl.dir/c-hyper.c.o
[ 20%] Building C object _deps/curl-build/lib/CMakeFiles/libcurl.dir/conncache.c.o
[ 20%] Building C object _deps/curl-build/lib/CMakeFiles/libcurl.dir/connect.c.o
[ 21%] Building C object _deps/curl-build/lib/CMakeFiles/libcurl.dir/content_encoding.c.o
[ 21%] Building C object _deps/curl-build/lib/CMakeFiles/libcurl.dir/cookie.c.o
[ 22%] Building C object _deps/curl-build/lib/CMakeFiles/libcurl.dir/curl_addrinfo.c.o
[ 22%] Building C object _deps/curl-build/lib/CMakeFiles/libcurl.dir/curl_ctype.c.o
[ 23%] Building C object _deps/curl-build/lib/CMakeFiles/libcurl.dir/curl_des.c.o
[ 23%] Building C object _deps/curl-build/lib/CMakeFiles/libcurl.dir/curl_endian.c.o
[ 23%] Building C object _deps/curl-build/lib/CMakeFiles/libcurl.dir/curl_fnmatch.c.o
[ 24%] Building C object _deps/curl-build/lib/CMakeFiles/libcurl.dir/curl_get_line.c.o
[ 24%] Building C object _deps/curl-build/lib/CMakeFiles/libcurl.dir/curl_gethostname.c.o
[ 25%] Building C object _deps/curl-build/lib/CMakeFiles/libcurl.dir/curl_gssapi.c.o
[ 25%] Building C object _deps/curl-build/lib/CMakeFiles/libcurl.dir/curl_memrchr.c.o
[ 26%] Building C object _deps/curl-build/lib/CMakeFiles/libcurl.dir/curl_multibyte.c.o
[ 26%] Building C object _deps/curl-build/lib/CMakeFiles/libcurl.dir/curl_ntlm_core.c.o
[ 27%] Building C object _deps/curl-build/lib/CMakeFiles/libcurl.dir/curl_ntlm_wb.c.o
[ 27%] Building C object _deps/curl-build/lib/CMakeFiles/libcurl.dir/curl_path.c.o
[ 28%] Building C object _deps/curl-build/lib/CMakeFiles/libcurl.dir/curl_range.c.o
[ 28%] Building C object _deps/curl-build/lib/CMakeFiles/libcurl.dir/curl_rtmp.c.o
[ 28%] Building C object _deps/curl-build/lib/CMakeFiles/libcurl.dir/curl_sasl.c.o
[ 29%] Building C object _deps/curl-build/lib/CMakeFiles/libcurl.dir/curl_sspi.c.o
[ 29%] Building C object _deps/curl-build/lib/CMakeFiles/libcurl.dir/curl_threads.c.o
[ 30%] Building C object _deps/curl-build/lib/CMakeFiles/libcurl.dir/dict.c.o
[ 30%] Building C object _deps/curl-build/lib/CMakeFiles/libcurl.dir/doh.c.o
[ 31%] Building C object _deps/curl-build/lib/CMakeFiles/libcurl.dir/dotdot.c.o
[ 31%] Building C object _deps/curl-build/lib/CMakeFiles/libcurl.dir/dynbuf.c.o
[ 32%] Building C object _deps/curl-build/lib/CMakeFiles/libcurl.dir/easy.c.o
[ 32%] Building C object _deps/curl-build/lib/CMakeFiles/libcurl.dir/easygetopt.c.o
[ 32%] Building C object _deps/curl-build/lib/CMakeFiles/libcurl.dir/easyoptions.c.o
[ 33%] Building C object _deps/curl-build/lib/CMakeFiles/libcurl.dir/escape.c.o
[ 33%] Building C object _deps/curl-build/lib/CMakeFiles/libcurl.dir/file.c.o
[ 34%] Building C object _deps/curl-build/lib/CMakeFiles/libcurl.dir/fileinfo.c.o
[ 34%] Building C object _deps/curl-build/lib/CMakeFiles/libcurl.dir/formdata.c.o
[ 35%] Building C object _deps/curl-build/lib/CMakeFiles/libcurl.dir/ftp.c.o
[ 35%] Building C object _deps/curl-build/lib/CMakeFiles/libcurl.dir/ftplistparser.c.o
[ 36%] Building C object _deps/curl-build/lib/CMakeFiles/libcurl.dir/getenv.c.o
[ 36%] Building C object _deps/curl-build/lib/CMakeFiles/libcurl.dir/getinfo.c.o
[ 36%] Building C object _deps/curl-build/lib/CMakeFiles/libcurl.dir/gopher.c.o
[ 37%] Building C object _deps/curl-build/lib/CMakeFiles/libcurl.dir/hash.c.o
[ 37%] Building C object _deps/curl-build/lib/CMakeFiles/libcurl.dir/hmac.c.o
[ 38%] Building C object _deps/curl-build/lib/CMakeFiles/libcurl.dir/hostasyn.c.o
[ 38%] Building C object _deps/curl-build/lib/CMakeFiles/libcurl.dir/hostcheck.c.o
[ 39%] Building C object _deps/curl-build/lib/CMakeFiles/libcurl.dir/hostip.c.o
[ 39%] Building C object _deps/curl-build/lib/CMakeFiles/libcurl.dir/hostip4.c.o
[ 40%] Building C object _deps/curl-build/lib/CMakeFiles/libcurl.dir/hostip6.c.o
[ 40%] Building C object _deps/curl-build/lib/CMakeFiles/libcurl.dir/hostsyn.c.o
[ 41%] Building C object _deps/curl-build/lib/CMakeFiles/libcurl.dir/hsts.c.o
[ 41%] Building C object _deps/curl-build/lib/CMakeFiles/libcurl.dir/http.c.o
[ 41%] Building C object _deps/curl-build/lib/CMakeFiles/libcurl.dir/http2.c.o
[ 42%] Building C object _deps/curl-build/lib/CMakeFiles/libcurl.dir/http_chunks.c.o
[ 42%] Building C object _deps/curl-build/lib/CMakeFiles/libcurl.dir/http_digest.c.o
[ 43%] Building C object _deps/curl-build/lib/CMakeFiles/libcurl.dir/http_negotiate.c.o
[ 43%] Building C object _deps/curl-build/lib/CMakeFiles/libcurl.dir/http_ntlm.c.o
[ 44%] Building C object _deps/curl-build/lib/CMakeFiles/libcurl.dir/http_proxy.c.o
[ 44%] Building C object _deps/curl-build/lib/CMakeFiles/libcurl.dir/http_aws_sigv4.c.o
[ 45%] Building C object _deps/curl-build/lib/CMakeFiles/libcurl.dir/idn_win32.c.o
[ 45%] Building C object _deps/curl-build/lib/CMakeFiles/libcurl.dir/if2ip.c.o
[ 45%] Building C object _deps/curl-build/lib/CMakeFiles/libcurl.dir/imap.c.o
[ 46%] Building C object _deps/curl-build/lib/CMakeFiles/libcurl.dir/inet_ntop.c.o
[ 46%] Building C object _deps/curl-build/lib/CMakeFiles/libcurl.dir/inet_pton.c.o
[ 47%] Building C object _deps/curl-build/lib/CMakeFiles/libcurl.dir/krb5.c.o
[ 47%] Building C object _deps/curl-build/lib/CMakeFiles/libcurl.dir/ldap.c.o
[ 48%] Building C object _deps/curl-build/lib/CMakeFiles/libcurl.dir/llist.c.o
[ 48%] Building C object _deps/curl-build/lib/CMakeFiles/libcurl.dir/md4.c.o
[ 49%] Building C object _deps/curl-build/lib/CMakeFiles/libcurl.dir/md5.c.o
[ 49%] Building C object _deps/curl-build/lib/CMakeFiles/libcurl.dir/memdebug.c.o
[ 49%] Building C object _deps/curl-build/lib/CMakeFiles/libcurl.dir/mime.c.o
[ 50%] Building C object _deps/curl-build/lib/CMakeFiles/libcurl.dir/mprintf.c.o
[ 50%] Building C object _deps/curl-build/lib/CMakeFiles/libcurl.dir/mqtt.c.o
[ 51%] Building C object _deps/curl-build/lib/CMakeFiles/libcurl.dir/multi.c.o
[ 51%] Building C object _deps/curl-build/lib/CMakeFiles/libcurl.dir/netrc.c.o
[ 52%] Building C object _deps/curl-build/lib/CMakeFiles/libcurl.dir/non-ascii.c.o
[ 52%] Building C object _deps/curl-build/lib/CMakeFiles/libcurl.dir/nonblock.c.o
[ 53%] Building C object _deps/curl-build/lib/CMakeFiles/libcurl.dir/openldap.c.o
[ 53%] Building C object _deps/curl-build/lib/CMakeFiles/libcurl.dir/parsedate.c.o
[ 54%] Building C object _deps/curl-build/lib/CMakeFiles/libcurl.dir/pingpong.c.o
[ 54%] Building C object _deps/curl-build/lib/CMakeFiles/libcurl.dir/pop3.c.o
[ 54%] Building C object _deps/curl-build/lib/CMakeFiles/libcurl.dir/progress.c.o
[ 55%] Building C object _deps/curl-build/lib/CMakeFiles/libcurl.dir/psl.c.o
[ 55%] Building C object _deps/curl-build/lib/CMakeFiles/libcurl.dir/rand.c.o
[ 56%] Building C object _deps/curl-build/lib/CMakeFiles/libcurl.dir/rename.c.o
[ 56%] Building C object _deps/curl-build/lib/CMakeFiles/libcurl.dir/rtsp.c.o
[ 57%] Building C object _deps/curl-build/lib/CMakeFiles/libcurl.dir/select.c.o
[ 57%] Building C object _deps/curl-build/lib/CMakeFiles/libcurl.dir/sendf.c.o
[ 58%] Building C object _deps/curl-build/lib/CMakeFiles/libcurl.dir/setopt.c.o
[ 58%] Building C object _deps/curl-build/lib/CMakeFiles/libcurl.dir/sha256.c.o
[ 58%] Building C object _deps/curl-build/lib/CMakeFiles/libcurl.dir/share.c.o
[ 59%] Building C object _deps/curl-build/lib/CMakeFiles/libcurl.dir/slist.c.o
[ 59%] Building C object _deps/curl-build/lib/CMakeFiles/libcurl.dir/smb.c.o
[ 60%] Building C object _deps/curl-build/lib/CMakeFiles/libcurl.dir/smtp.c.o
[ 60%] Building C object _deps/curl-build/lib/CMakeFiles/libcurl.dir/socketpair.c.o
[ 61%] Building C object _deps/curl-build/lib/CMakeFiles/libcurl.dir/socks.c.o
[ 61%] Building C object _deps/curl-build/lib/CMakeFiles/libcurl.dir/socks_gssapi.c.o
[ 62%] Building C object _deps/curl-build/lib/CMakeFiles/libcurl.dir/socks_sspi.c.o
[ 62%] Building C object _deps/curl-build/lib/CMakeFiles/libcurl.dir/speedcheck.c.o
[ 62%] Building C object _deps/curl-build/lib/CMakeFiles/libcurl.dir/splay.c.o
[ 63%] Building C object _deps/curl-build/lib/CMakeFiles/libcurl.dir/strcase.c.o
[ 63%] Building C object _deps/curl-build/lib/CMakeFiles/libcurl.dir/strdup.c.o
[ 64%] Building C object _deps/curl-build/lib/CMakeFiles/libcurl.dir/strerror.c.o
[ 64%] Building C object _deps/curl-build/lib/CMakeFiles/libcurl.dir/strtok.c.o
[ 65%] Building C object _deps/curl-build/lib/CMakeFiles/libcurl.dir/strtoofft.c.o
[ 65%] Building C object _deps/curl-build/lib/CMakeFiles/libcurl.dir/system_win32.c.o
[ 66%] Building C object _deps/curl-build/lib/CMakeFiles/libcurl.dir/telnet.c.o
[ 66%] Building C object _deps/curl-build/lib/CMakeFiles/libcurl.dir/tftp.c.o
[ 67%] Building C object _deps/curl-build/lib/CMakeFiles/libcurl.dir/timeval.c.o
[ 67%] Building C object _deps/curl-build/lib/CMakeFiles/libcurl.dir/transfer.c.o
[ 67%] Building C object _deps/curl-build/lib/CMakeFiles/libcurl.dir/url.c.o
[ 68%] Building C object _deps/curl-build/lib/CMakeFiles/libcurl.dir/urlapi.c.o
[ 68%] Building C object _deps/curl-build/lib/CMakeFiles/libcurl.dir/version.c.o
[ 69%] Building C object _deps/curl-build/lib/CMakeFiles/libcurl.dir/version_win32.c.o
[ 69%] Building C object _deps/curl-build/lib/CMakeFiles/libcurl.dir/warnless.c.o
[ 70%] Building C object _deps/curl-build/lib/CMakeFiles/libcurl.dir/wildcard.c.o
[ 70%] Building C object _deps/curl-build/lib/CMakeFiles/libcurl.dir/x509asn1.c.o
[ 71%] Building C object _deps/curl-build/lib/CMakeFiles/libcurl.dir/vauth/cleartext.c.o
[ 71%] Building C object _deps/curl-build/lib/CMakeFiles/libcurl.dir/vauth/cram.c.o
[ 71%] Building C object _deps/curl-build/lib/CMakeFiles/libcurl.dir/vauth/digest.c.o
[ 72%] Building C object _deps/curl-build/lib/CMakeFiles/libcurl.dir/vauth/digest_sspi.c.o
[ 72%] Building C object _deps/curl-build/lib/CMakeFiles/libcurl.dir/vauth/gsasl.c.o
[ 73%] Building C object _deps/curl-build/lib/CMakeFiles/libcurl.dir/vauth/krb5_gssapi.c.o
[ 73%] Building C object _deps/curl-build/lib/CMakeFiles/libcurl.dir/vauth/krb5_sspi.c.o
[ 74%] Building C object _deps/curl-build/lib/CMakeFiles/libcurl.dir/vauth/ntlm.c.o
[ 74%] Building C object _deps/curl-build/lib/CMakeFiles/libcurl.dir/vauth/ntlm_sspi.c.o
[ 75%] Building C object _deps/curl-build/lib/CMakeFiles/libcurl.dir/vauth/oauth2.c.o
[ 75%] Building C object _deps/curl-build/lib/CMakeFiles/libcurl.dir/vauth/spnego_gssapi.c.o
[ 75%] Building C object _deps/curl-build/lib/CMakeFiles/libcurl.dir/vauth/spnego_sspi.c.o
[ 76%] Building C object _deps/curl-build/lib/CMakeFiles/libcurl.dir/vauth/vauth.c.o
[ 76%] Building C object _deps/curl-build/lib/CMakeFiles/libcurl.dir/vtls/bearssl.c.o
[ 77%] Building C object _deps/curl-build/lib/CMakeFiles/libcurl.dir/vtls/gskit.c.o
[ 77%] Building C object _deps/curl-build/lib/CMakeFiles/libcurl.dir/vtls/gtls.c.o
[ 78%] Building C object _deps/curl-build/lib/CMakeFiles/libcurl.dir/vtls/keylog.c.o
[ 78%] Building C object _deps/curl-build/lib/CMakeFiles/libcurl.dir/vtls/mbedtls.c.o
[ 79%] Building C object _deps/curl-build/lib/CMakeFiles/libcurl.dir/vtls/mbedtls_threadlock.c.o
[ 79%] Building C object _deps/curl-build/lib/CMakeFiles/libcurl.dir/vtls/mesalink.c.o
[ 80%] Building C object _deps/curl-build/lib/CMakeFiles/libcurl.dir/vtls/nss.c.o
[ 80%] Building C object _deps/curl-build/lib/CMakeFiles/libcurl.dir/vtls/openssl.c.o
[ 80%] Building C object _deps/curl-build/lib/CMakeFiles/libcurl.dir/vtls/rustls.c.o
[ 81%] Building C object _deps/curl-build/lib/CMakeFiles/libcurl.dir/vtls/schannel.c.o
[ 81%] Building C object _deps/curl-build/lib/CMakeFiles/libcurl.dir/vtls/schannel_verify.c.o
[ 82%] Building C object _deps/curl-build/lib/CMakeFiles/libcurl.dir/vtls/sectransp.c.o
[ 82%] Building C object _deps/curl-build/lib/CMakeFiles/libcurl.dir/vtls/vtls.c.o
[ 83%] Building C object _deps/curl-build/lib/CMakeFiles/libcurl.dir/vtls/wolfssl.c.o
[ 83%] Building C object _deps/curl-build/lib/CMakeFiles/libcurl.dir/vquic/ngtcp2.c.o
[ 84%] Building C object _deps/curl-build/lib/CMakeFiles/libcurl.dir/vquic/quiche.c.o
[ 84%] Building C object _deps/curl-build/lib/CMakeFiles/libcurl.dir/vquic/vquic.c.o
[ 84%] Building C object _deps/curl-build/lib/CMakeFiles/libcurl.dir/vssh/libssh.c.o
[ 85%] Building C object _deps/curl-build/lib/CMakeFiles/libcurl.dir/vssh/libssh2.c.o
[ 85%] Building C object _deps/curl-build/lib/CMakeFiles/libcurl.dir/vssh/wolfssh.c.o
[ 86%] Linking C shared library libcurl-d.so
[ 86%] Built target libcurl
Scanning dependencies of target cpr
[ 87%] Building CXX object _deps/cpr-build/cpr/CMakeFiles/cpr.dir/auth.cpp.o
[ 87%] Building CXX object _deps/cpr-build/cpr/CMakeFiles/cpr.dir/bearer.cpp.o
[ 88%] Building CXX object _deps/cpr-build/cpr/CMakeFiles/cpr.dir/cookies.cpp.o
[ 88%] Building CXX object _deps/cpr-build/cpr/CMakeFiles/cpr.dir/cprtypes.cpp.o
[ 88%] Building CXX object _deps/cpr-build/cpr/CMakeFiles/cpr.dir/curl_container.cpp.o
[ 89%] Building CXX object _deps/cpr-build/cpr/CMakeFiles/cpr.dir/curlholder.cpp.o
[ 89%] Building CXX object _deps/cpr-build/cpr/CMakeFiles/cpr.dir/error.cpp.o
[ 90%] Building CXX object _deps/cpr-build/cpr/CMakeFiles/cpr.dir/multipart.cpp.o
[ 90%] Building CXX object _deps/cpr-build/cpr/CMakeFiles/cpr.dir/parameters.cpp.o
[ 91%] Building CXX object _deps/cpr-build/cpr/CMakeFiles/cpr.dir/payload.cpp.o
[ 91%] Building CXX object _deps/cpr-build/cpr/CMakeFiles/cpr.dir/proxies.cpp.o
[ 92%] Building CXX object _deps/cpr-build/cpr/CMakeFiles/cpr.dir/proxyauth.cpp.o
[ 92%] Building CXX object _deps/cpr-build/cpr/CMakeFiles/cpr.dir/session.cpp.o
[ 92%] Building CXX object _deps/cpr-build/cpr/CMakeFiles/cpr.dir/timeout.cpp.o
[ 93%] Building CXX object _deps/cpr-build/cpr/CMakeFiles/cpr.dir/unix_socket.cpp.o
[ 93%] Building CXX object _deps/cpr-build/cpr/CMakeFiles/cpr.dir/util.cpp.o
[ 94%] Building CXX object _deps/cpr-build/cpr/CMakeFiles/cpr.dir/response.cpp.o
[ 94%] Building CXX object _deps/cpr-build/cpr/CMakeFiles/cpr.dir/redirect.cpp.o
[ 95%] Linking CXX shared library libcpr.so
[ 95%] Built target cpr
Scanning dependencies of target gtest
[ 95%] Building CXX object extern/googletest/googletest/CMakeFiles/gtest.dir/src/gtest-all.cc.o
[ 95%] Linking CXX shared library ../../../lib/libgtestd.so
[ 95%] Built target gtest
Scanning dependencies of target gmock
[ 95%] Building CXX object extern/googletest/googlemock/CMakeFiles/gmock.dir/src/gmock-all.cc.o
[ 96%] Linking CXX shared library ../../../lib/libgmockd.so
[ 96%] Built target gmock
Scanning dependencies of target gmock_main
[ 96%] Building CXX object extern/googletest/googlemock/CMakeFiles/gmock_main.dir/src/gmock_main.cc.o
[ 97%] Linking CXX shared library ../../../lib/libgmock_maind.so
[ 97%] Built target gmock_main
Scanning dependencies of target gtest_main
[ 98%] Building CXX object extern/googletest/googletest/CMakeFiles/gtest_main.dir/src/gtest_main.cc.o
[ 98%] Linking CXX shared library ../../../lib/libgtest_maind.so
[ 98%] Built target gtest_main
Scanning dependencies of target Maya-Commander_lib
[ 99%] Building CXX object src/CMakeFiles/Maya-Commander_lib.dir/main.cpp.o
/home/mayadm/repos/wired-watering/maya/src/main.cpp:217:23: error: expected ‘;’ at end of member declaration
  217 |  std::chrono::seconds time_to_finish
      |                       ^~~~~~~~~~~~~~
      |                                     ;
/home/mayadm/repos/wired-watering/maya/src/main.cpp:224:2: error: ‘interrupted_water_specification’ does not name a type; did you mean ‘interrupted_watering_specification’?
  224 |  interrupted_water_specification i;
      |  ^~~~~~~~~~~~~~~~~~~~~~~~~~~~~~~
      |  interrupted_watering_specification
make[2]: *** [src/CMakeFiles/Maya-Commander_lib.dir/build.make:63: src/CMakeFiles/Maya-Commander_lib.dir/main.cpp.o] Fehler 1
make[1]: *** [CMakeFiles/Makefile2:519: src/CMakeFiles/Maya-Commander_lib.dir/all] Fehler 2
make: *** [Makefile:141: all] Fehler 2
%%%%%%%%%%     [3.4] Creating project and building sources (fallback clean build)...
> sudo -u mayadm git add * && sudo -u mayadm git add -u && sudo -u mayadm git fetch origin && sudo -u mayadm git reset --hard origin/maya-fallback
HEAD ist jetzt bei d0da14e updates and conceptional stuff
> timeout 60m sudo -u mayadm ./uc-unix-clean.sh
> timeout 60m sudo -u mayadm ./up-unix-create-project.sh
-- The C compiler identification is GNU 9.4.0
-- The CXX compiler identification is GNU 9.4.0
-- Check for working C compiler: /usr/bin/cc
-- Check for working C compiler: /usr/bin/cc -- works
-- Detecting C compiler ABI info
-- Detecting C compiler ABI info - done
-- Detecting C compile features
-- Detecting C compile features - done
-- Check for working CXX compiler: /usr/bin/c++
-- Check for working CXX compiler: /usr/bin/c++ -- works
-- Detecting CXX compiler ABI info
-- Detecting CXX compiler ABI info - done
-- Detecting CXX compile features
-- Detecting CXX compile features - done
CMake is checking for CMAKE_SYSTEM_PROCESSOR containing arm to detect if running on Raspberry Pi:
CMAKE_SYSTEM_PROCESSOR is: x86_64
Running on Development or Test Platform.
Running on LINUX.
Running on UNIX.
-- C++ Requests CMake Options
-- =======================================================
--   CPR_GENERATE_COVERAGE: OFF
--   CPR_CURL_NOSIGNAL: OFF
--   CPR_USE_SYSTEM_GTEST: OFF
--   CPR_FORCE_USE_SYSTEM_CURL: OFF
--   CPR_ENABLE_SSL: ON
--   CPR_FORCE_OPENSSL_BACKEND: OFF
--   CPR_FORCE_WINSSL_BACKEND: OFF
--   CPR_FORCE_DARWINSSL_BACKEND: OFF
--   CPR_FORCE_MBEDTLS_BACKEND: OFF
--   CPR_ENABLE_LINTING: OFF
--   CPR_ENABLE_CPPCHECK: OFF
--   CPR_BUILD_TESTS: OFF
--   CPR_BUILD_TESTS_SSL: OFF
-- =======================================================
-- Performing Test THREAD_SANITIZER_AVAILABLE
-- Performing Test THREAD_SANITIZER_AVAILABLE - Success
-- Performing Test ADDRESS_SANITIZER_AVAILABLE
-- Performing Test ADDRESS_SANITIZER_AVAILABLE - Success
-- Performing Test LEAK_SANITIZER_AVAILABLE
-- Performing Test LEAK_SANITIZER_AVAILABLE - Success
-- Performing Test UNDEFINED_BEHAVIOUR_SANITIZER_AVAILABLE
-- Performing Test UNDEFINED_BEHAVIOUR_SANITIZER_AVAILABLE - Success
-- Performing Test ALL_SANITIZERS_AVAILABLE
-- Performing Test ALL_SANITIZERS_AVAILABLE - Success
-- Automatically detecting SSL backend.
-- Detecting SSL backend...
-- Found OpenSSL: /usr/lib/x86_64-linux-gnu/libcrypto.so (found version "1.1.1f")  
-- SSL auto detect: Using OpenSSL.
-- Configuring build in curl...
Scanning dependencies of target zlib-populate
[ 11%] Creating directories for 'zlib-populate'
[ 22%] Performing download step (git clone) for 'zlib-populate'
Klone nach 'zlib-src' …
error: RPC fehlgeschlagen; curl 56 GnuTLS recv error (-9): Fehler beim Dekodieren des empfangenen TLS-Pakets.
fatal: Die Gegenseite hat unerwartet abgebrochen.
fatal: zu frühes Dateiende
fatal: index-pack fehlgeschlagen
Klone nach 'zlib-src' …
error: RPC fehlgeschlagen; curl 56 GnuTLS recv error (-9): Fehler beim Dekodieren des empfangenen TLS-Pakets.
fatal: Die Gegenseite hat unerwartet abgebrochen.
fatal: zu frühes Dateiende
fatal: index-pack fehlgeschlagen
Klone nach 'zlib-src' …
error: RPC fehlgeschlagen; curl 56 GnuTLS recv error (-9): Fehler beim Dekodieren des empfangenen TLS-Pakets.
fatal: Die Gegenseite hat unerwartet abgebrochen.
fatal: zu frühes Dateiende
fatal: index-pack fehlgeschlagen
-- Had to git clone more than once:
          3 times.
CMake Error at zlib-subbuild/zlib-populate-prefix/tmp/zlib-populate-gitclone.cmake:31 (message):
  Failed to clone repository: 'https://github.com/zlib-ng/zlib-ng'


make[2]: *** [CMakeFiles/zlib-populate.dir/build.make:92: zlib-populate-prefix/src/zlib-populate-stamp/zlib-populate-download] Fehler 1
make[1]: *** [CMakeFiles/Makefile2:76: CMakeFiles/zlib-populate.dir/all] Fehler 2
make: *** [Makefile:84: all] Fehler 2

CMake Error at /usr/share/cmake-3.16/Modules/FetchContent.cmake:915 (message):
  Build step for zlib failed: 2
Call Stack (most recent call first):
  /usr/share/cmake-3.16/Modules/FetchContent.cmake:1006 (__FetchContent_directPopulate)
  /usr/share/cmake-3.16/Modules/FetchContent.cmake:1047 (FetchContent_Populate)
  build/_deps/cpr-src/cmake/zlib_external.cmake:15 (FetchContent_MakeAvailable)
  build/_deps/cpr-src/CMakeLists.txt:193 (include)


-- Configuring incomplete, errors occurred!
See also "/home/mayadm/repos/wired-watering/maya/build/CMakeFiles/CMakeOutput.log".
**********************************************************
************                                  ************
************   FATAL! ALL BUILDS FAILED !!!   ************
************                                  ************
**********************************************************
%%%%%%%%%%     [3] Switching to new branch and building sources   ...DONE!
=====================================================================================================
